{
  "/Users/eddyzhou/Desktop/javascript_exercise/express/PawsReunite-Backend/src/database.js": {
    "path": "/Users/eddyzhou/Desktop/javascript_exercise/express/PawsReunite-Backend/src/database.js",
    "statementMap": {
      "0": { "start": { "line": 1, "column": 17 }, "end": { "line": 1, "column": 36 } },
      "1": { "start": { "line": 3, "column": 18 }, "end": { "line": 6, "column": 1 } },
      "2": { "start": { "line": 4, "column": 21 }, "end": { "line": 4, "column": 56 } },
      "3": { "start": { "line": 5, "column": 2 }, "end": { "line": 5, "column": 20 } },
      "4": { "start": { "line": 8, "column": 16 }, "end": { "line": 11, "column": 1 } },
      "5": { "start": { "line": 9, "column": 21 }, "end": { "line": 9, "column": 54 } },
      "6": { "start": { "line": 10, "column": 2 }, "end": { "line": 10, "column": 20 } },
      "7": { "start": { "line": 13, "column": 0 }, "end": { "line": 13, "column": 40 } }
    },
    "fnMap": {
      "0": {
        "name": "(anonymous_0)",
        "decl": { "start": { "line": 3, "column": 18 }, "end": { "line": 3, "column": 19 } },
        "loc": { "start": { "line": 3, "column": 41 }, "end": { "line": 6, "column": 1 } },
        "line": 3
      },
      "1": {
        "name": "(anonymous_1)",
        "decl": { "start": { "line": 8, "column": 16 }, "end": { "line": 8, "column": 17 } },
        "loc": { "start": { "line": 8, "column": 28 }, "end": { "line": 11, "column": 1 } },
        "line": 8
      }
    },
    "branchMap": {},
    "s": { "0": 2, "1": 2, "2": 2, "3": 2, "4": 2, "5": 0, "6": 0, "7": 2 },
    "f": { "0": 2, "1": 0 },
    "b": {},
    "_coverageSchema": "1a1c01bbd47fc00a2c39e90264f33305004495a9",
    "hash": "1710d662eeec8f3a0dd88d707261a9018d58b1f0"
  },
  "/Users/eddyzhou/Desktop/javascript_exercise/express/PawsReunite-Backend/src/server.js": {
    "path": "/Users/eddyzhou/Desktop/javascript_exercise/express/PawsReunite-Backend/src/server.js",
    "statementMap": {
      "0": { "start": { "line": 2, "column": 16 }, "end": { "line": 2, "column": 34 } },
      "1": { "start": { "line": 4, "column": 12 }, "end": { "line": 4, "column": 21 } },
      "2": { "start": { "line": 7, "column": 15 }, "end": { "line": 7, "column": 32 } },
      "3": { "start": { "line": 9, "column": 0 }, "end": { "line": 9, "column": 16 } },
      "4": { "start": { "line": 11, "column": 0 }, "end": { "line": 11, "column": 24 } },
      "5": { "start": { "line": 12, "column": 0 }, "end": { "line": 12, "column": 48 } },
      "6": { "start": { "line": 14, "column": 13 }, "end": { "line": 14, "column": 37 } },
      "7": { "start": { "line": 15, "column": 13 }, "end": { "line": 15, "column": 44 } },
      "8": { "start": { "line": 18, "column": 15 }, "end": { "line": 18, "column": 32 } },
      "9": { "start": { "line": 19, "column": 0 }, "end": { "line": 19, "column": 18 } },
      "10": { "start": { "line": 20, "column": 0 }, "end": { "line": 20, "column": 47 } },
      "11": { "start": { "line": 21, "column": 0 }, "end": { "line": 21, "column": 33 } },
      "12": { "start": { "line": 22, "column": 0 }, "end": { "line": 28, "column": 2 } },
      "13": { "start": { "line": 35, "column": 13 }, "end": { "line": 35, "column": 28 } },
      "14": { "start": { "line": 36, "column": 18 }, "end": { "line": 39, "column": 1 } },
      "15": { "start": { "line": 40, "column": 0 }, "end": { "line": 40, "column": 27 } },
      "16": { "start": { "line": 42, "column": 0 }, "end": { "line": 42, "column": 24 } },
      "17": { "start": { "line": 43, "column": 0 }, "end": { "line": 43, "column": 48 } },
      "18": { "start": { "line": 45, "column": 17 }, "end": { "line": 45, "column": 36 } },
      "19": { "start": { "line": 46, "column": 18 }, "end": { "line": 46, "column": 20 } },
      "20": { "start": { "line": 47, "column": 0 }, "end": { "line": 62, "column": 1 } },
      "21": { "start": { "line": 50, "column": 4 }, "end": { "line": 50, "column": 43 } },
      "22": { "start": { "line": 51, "column": 4 }, "end": { "line": 51, "column": 10 } },
      "23": { "start": { "line": 54, "column": 4 }, "end": { "line": 54, "column": 58 } },
      "24": { "start": { "line": 55, "column": 4 }, "end": { "line": 55, "column": 10 } },
      "25": { "start": { "line": 57, "column": 4 }, "end": { "line": 57, "column": 63 } },
      "26": { "start": { "line": 58, "column": 4 }, "end": { "line": 58, "column": 10 } },
      "27": { "start": { "line": 60, "column": 4 }, "end": { "line": 60, "column": 89 } },
      "28": { "start": { "line": 61, "column": 4 }, "end": { "line": 61, "column": 10 } },
      "29": { "start": { "line": 64, "column": 31 }, "end": { "line": 64, "column": 52 } },
      "30": { "start": { "line": 65, "column": 0 }, "end": { "line": 74, "column": 5 } },
      "31": { "start": { "line": 67, "column": 4 }, "end": { "line": 67, "column": 39 } },
      "32": { "start": { "line": 70, "column": 4 }, "end": { "line": 73, "column": 5 } },
      "33": { "start": { "line": 77, "column": 0 }, "end": { "line": 80, "column": 3 } },
      "34": { "start": { "line": 78, "column": 2 }, "end": { "line": 78, "column": 22 } },
      "35": { "start": { "line": 79, "column": 2 }, "end": { "line": 79, "column": 9 } },
      "36": { "start": { "line": 82, "column": 0 }, "end": { "line": 86, "column": 3 } },
      "37": { "start": { "line": 83, "column": 2 }, "end": { "line": 85, "column": 5 } },
      "38": { "start": { "line": 88, "column": 0 }, "end": { "line": 102, "column": 3 } },
      "39": { "start": { "line": 89, "column": 24 }, "end": { "line": 89, "column": 54 } },
      "40": { "start": { "line": 90, "column": 23 }, "end": { "line": 90, "column": 47 } },
      "41": { "start": { "line": 91, "column": 23 }, "end": { "line": 91, "column": 47 } },
      "42": { "start": { "line": 92, "column": 25 }, "end": { "line": 92, "column": 57 } },
      "43": { "start": { "line": 94, "column": 2 }, "end": { "line": 101, "column": 5 } },
      "44": { "start": { "line": 105, "column": 18 }, "end": { "line": 105, "column": 47 } },
      "45": { "start": { "line": 106, "column": 0 }, "end": { "line": 106, "column": 29 } },
      "46": { "start": { "line": 108, "column": 19 }, "end": { "line": 108, "column": 48 } },
      "47": { "start": { "line": 109, "column": 0 }, "end": { "line": 109, "column": 30 } },
      "48": { "start": { "line": 111, "column": 18 }, "end": { "line": 111, "column": 47 } },
      "49": { "start": { "line": 112, "column": 0 }, "end": { "line": 112, "column": 29 } },
      "50": { "start": { "line": 114, "column": 21 }, "end": { "line": 114, "column": 53 } },
      "51": { "start": { "line": 115, "column": 0 }, "end": { "line": 115, "column": 35 } },
      "52": { "start": { "line": 117, "column": 0 }, "end": { "line": 121, "column": 3 } },
      "53": { "start": { "line": 118, "column": 2 }, "end": { "line": 120, "column": 5 } },
      "54": { "start": { "line": 123, "column": 0 }, "end": { "line": 123, "column": 37 } }
    },
    "fnMap": {
      "0": {
        "name": "(anonymous_0)",
        "decl": { "start": { "line": 66, "column": 8 }, "end": { "line": 66, "column": 9 } },
        "loc": { "start": { "line": 66, "column": 14 }, "end": { "line": 68, "column": 3 } },
        "line": 66
      },
      "1": {
        "name": "(anonymous_1)",
        "decl": { "start": { "line": 69, "column": 9 }, "end": { "line": 69, "column": 10 } },
        "loc": { "start": { "line": 69, "column": 20 }, "end": { "line": 74, "column": 3 } },
        "line": 69
      },
      "2": {
        "name": "(anonymous_2)",
        "decl": { "start": { "line": 77, "column": 8 }, "end": { "line": 77, "column": 9 } },
        "loc": { "start": { "line": 77, "column": 37 }, "end": { "line": 80, "column": 1 } },
        "line": 77
      },
      "3": {
        "name": "(anonymous_3)",
        "decl": { "start": { "line": 82, "column": 13 }, "end": { "line": 82, "column": 14 } },
        "loc": { "start": { "line": 82, "column": 36 }, "end": { "line": 86, "column": 1 } },
        "line": 82
      },
      "4": {
        "name": "(anonymous_4)",
        "decl": { "start": { "line": 88, "column": 27 }, "end": { "line": 88, "column": 28 } },
        "loc": { "start": { "line": 88, "column": 50 }, "end": { "line": 102, "column": 1 } },
        "line": 88
      },
      "5": {
        "name": "(anonymous_5)",
        "decl": { "start": { "line": 117, "column": 13 }, "end": { "line": 117, "column": 14 } },
        "loc": { "start": { "line": 117, "column": 36 }, "end": { "line": 121, "column": 1 } },
        "line": 117
      }
    },
    "branchMap": {
      "0": {
        "loc": { "start": { "line": 14, "column": 13 }, "end": { "line": 14, "column": 37 } },
        "type": "binary-expr",
        "locations": [
          { "start": { "line": 14, "column": 13 }, "end": { "line": 14, "column": 29 } },
          { "start": { "line": 14, "column": 33 }, "end": { "line": 14, "column": 37 } }
        ],
        "line": 14
      },
      "1": {
        "loc": { "start": { "line": 15, "column": 13 }, "end": { "line": 15, "column": 44 } },
        "type": "binary-expr",
        "locations": [
          { "start": { "line": 15, "column": 13 }, "end": { "line": 15, "column": 29 } },
          { "start": { "line": 15, "column": 33 }, "end": { "line": 15, "column": 44 } }
        ],
        "line": 15
      },
      "2": {
        "loc": { "start": { "line": 47, "column": 0 }, "end": { "line": 62, "column": 1 } },
        "type": "switch",
        "locations": [
          { "start": { "line": 48, "column": 2 }, "end": { "line": 48, "column": 14 } },
          { "start": { "line": 49, "column": 2 }, "end": { "line": 51, "column": 10 } },
          { "start": { "line": 52, "column": 2 }, "end": { "line": 52, "column": 21 } },
          { "start": { "line": 53, "column": 2 }, "end": { "line": 55, "column": 10 } },
          { "start": { "line": 56, "column": 2 }, "end": { "line": 58, "column": 10 } },
          { "start": { "line": 59, "column": 2 }, "end": { "line": 61, "column": 10 } }
        ],
        "line": 47
      }
    },
    "s": {
      "0": 2,
      "1": 2,
      "2": 2,
      "3": 2,
      "4": 2,
      "5": 2,
      "6": 2,
      "7": 2,
      "8": 2,
      "9": 2,
      "10": 2,
      "11": 2,
      "12": 2,
      "13": 2,
      "14": 2,
      "15": 2,
      "16": 2,
      "17": 2,
      "18": 2,
      "19": 2,
      "20": 2,
      "21": 0,
      "22": 0,
      "23": 0,
      "24": 0,
      "25": 2,
      "26": 2,
      "27": 0,
      "28": 0,
      "29": 2,
      "30": 2,
      "31": 2,
      "32": 0,
      "33": 2,
      "34": 9,
      "35": 9,
      "36": 2,
      "37": 1,
      "38": 2,
      "39": 1,
      "40": 1,
      "41": 1,
      "42": 1,
      "43": 1,
      "44": 2,
      "45": 2,
      "46": 2,
      "47": 2,
      "48": 2,
      "49": 2,
      "50": 2,
      "51": 2,
      "52": 2,
      "53": 1,
      "54": 2
    },
    "f": { "0": 2, "1": 0, "2": 9, "3": 1, "4": 1, "5": 1 },
    "b": { "0": [2, 0], "1": [2, 0], "2": [0, 0, 0, 0, 2, 0] },
    "_coverageSchema": "1a1c01bbd47fc00a2c39e90264f33305004495a9",
    "hash": "d5ededdb73d1c1389e75f08c195f695d731edc6a"
  },
  "/Users/eddyzhou/Desktop/javascript_exercise/express/PawsReunite-Backend/src/controllers/CommentController.js": {
    "path": "/Users/eddyzhou/Desktop/javascript_exercise/express/PawsReunite-Backend/src/controllers/CommentController.js",
    "statementMap": {
      "0": { "start": { "line": 1, "column": 20 }, "end": { "line": 1, "column": 53 } },
      "1": { "start": { "line": 3, "column": 23 }, "end": { "line": 20, "column": 1 } },
      "2": { "start": { "line": 4, "column": 2 }, "end": { "line": 19, "column": 3 } },
      "3": { "start": { "line": 5, "column": 19 }, "end": { "line": 5, "column": 39 } },
      "4": { "start": { "line": 7, "column": 4 }, "end": { "line": 11, "column": 5 } },
      "5": { "start": { "line": 8, "column": 6 }, "end": { "line": 8, "column": 66 } },
      "6": { "start": { "line": 10, "column": 6 }, "end": { "line": 10, "column": 50 } },
      "7": { "start": { "line": 12, "column": 4 }, "end": { "line": 14, "column": 7 } },
      "8": { "start": { "line": 16, "column": 4 }, "end": { "line": 18, "column": 7 } },
      "9": { "start": { "line": 22, "column": 27 }, "end": { "line": 36, "column": 1 } },
      "10": { "start": { "line": 23, "column": 2 }, "end": { "line": 35, "column": 3 } },
      "11": { "start": { "line": 24, "column": 20 }, "end": { "line": 24, "column": 75 } },
      "12": { "start": { "line": 25, "column": 4 }, "end": { "line": 27, "column": 5 } },
      "13": { "start": { "line": 26, "column": 6 }, "end": { "line": 26, "column": 43 } },
      "14": { "start": { "line": 28, "column": 4 }, "end": { "line": 30, "column": 7 } },
      "15": { "start": { "line": 32, "column": 4 }, "end": { "line": 34, "column": 7 } },
      "16": { "start": { "line": 38, "column": 22 }, "end": { "line": 54, "column": 1 } },
      "17": { "start": { "line": 39, "column": 2 }, "end": { "line": 53, "column": 3 } },
      "18": { "start": { "line": 40, "column": 23 }, "end": { "line": 44, "column": 6 } },
      "19": { "start": { "line": 45, "column": 25 }, "end": { "line": 45, "column": 48 } },
      "20": { "start": { "line": 46, "column": 4 }, "end": { "line": 48, "column": 7 } },
      "21": { "start": { "line": 50, "column": 4 }, "end": { "line": 52, "column": 7 } },
      "22": { "start": { "line": 56, "column": 22 }, "end": { "line": 77, "column": 1 } },
      "23": { "start": { "line": 57, "column": 2 }, "end": { "line": 76, "column": 3 } },
      "24": { "start": { "line": 58, "column": 20 }, "end": { "line": 58, "column": 75 } },
      "25": { "start": { "line": 59, "column": 4 }, "end": { "line": 61, "column": 5 } },
      "26": { "start": { "line": 60, "column": 6 }, "end": { "line": 60, "column": 43 } },
      "27": { "start": { "line": 62, "column": 4 }, "end": { "line": 67, "column": 5 } },
      "28": { "start": { "line": 66, "column": 6 }, "end": { "line": 66, "column": 71 } },
      "29": { "start": { "line": 68, "column": 27 }, "end": { "line": 68, "column": 91 } },
      "30": { "start": { "line": 69, "column": 4 }, "end": { "line": 71, "column": 7 } },
      "31": { "start": { "line": 73, "column": 4 }, "end": { "line": 75, "column": 7 } },
      "32": { "start": { "line": 79, "column": 0 }, "end": { "line": 79, "column": 86 } }
    },
    "fnMap": {
      "0": {
        "name": "(anonymous_0)",
        "decl": { "start": { "line": 3, "column": 23 }, "end": { "line": 3, "column": 24 } },
        "loc": { "start": { "line": 3, "column": 52 }, "end": { "line": 20, "column": 1 } },
        "line": 3
      },
      "1": {
        "name": "(anonymous_1)",
        "decl": { "start": { "line": 22, "column": 27 }, "end": { "line": 22, "column": 28 } },
        "loc": { "start": { "line": 22, "column": 56 }, "end": { "line": 36, "column": 1 } },
        "line": 22
      },
      "2": {
        "name": "(anonymous_2)",
        "decl": { "start": { "line": 38, "column": 22 }, "end": { "line": 38, "column": 23 } },
        "loc": { "start": { "line": 38, "column": 51 }, "end": { "line": 54, "column": 1 } },
        "line": 38
      },
      "3": {
        "name": "(anonymous_3)",
        "decl": { "start": { "line": 56, "column": 22 }, "end": { "line": 56, "column": 23 } },
        "loc": { "start": { "line": 56, "column": 51 }, "end": { "line": 77, "column": 1 } },
        "line": 56
      }
    },
    "branchMap": {
      "0": {
        "loc": { "start": { "line": 7, "column": 4 }, "end": { "line": 11, "column": 5 } },
        "type": "if",
        "locations": [
          { "start": { "line": 7, "column": 4 }, "end": { "line": 11, "column": 5 } },
          { "start": { "line": 9, "column": 11 }, "end": { "line": 11, "column": 5 } }
        ],
        "line": 7
      },
      "1": {
        "loc": { "start": { "line": 25, "column": 4 }, "end": { "line": 27, "column": 5 } },
        "type": "if",
        "locations": [
          { "start": { "line": 25, "column": 4 }, "end": { "line": 27, "column": 5 } },
          { "start": {}, "end": {} }
        ],
        "line": 25
      },
      "2": {
        "loc": { "start": { "line": 59, "column": 4 }, "end": { "line": 61, "column": 5 } },
        "type": "if",
        "locations": [
          { "start": { "line": 59, "column": 4 }, "end": { "line": 61, "column": 5 } },
          { "start": {}, "end": {} }
        ],
        "line": 59
      },
      "3": {
        "loc": { "start": { "line": 62, "column": 4 }, "end": { "line": 67, "column": 5 } },
        "type": "if",
        "locations": [
          { "start": { "line": 62, "column": 4 }, "end": { "line": 67, "column": 5 } },
          { "start": {}, "end": {} }
        ],
        "line": 62
      },
      "4": {
        "loc": { "start": { "line": 63, "column": 6 }, "end": { "line": 64, "column": 38 } },
        "type": "binary-expr",
        "locations": [
          { "start": { "line": 63, "column": 6 }, "end": { "line": 63, "column": 61 } },
          { "start": { "line": 64, "column": 6 }, "end": { "line": 64, "column": 38 } }
        ],
        "line": 63
      }
    },
    "s": {
      "0": 2,
      "1": 2,
      "2": 0,
      "3": 0,
      "4": 0,
      "5": 0,
      "6": 0,
      "7": 0,
      "8": 0,
      "9": 2,
      "10": 0,
      "11": 0,
      "12": 0,
      "13": 0,
      "14": 0,
      "15": 0,
      "16": 2,
      "17": 0,
      "18": 0,
      "19": 0,
      "20": 0,
      "21": 0,
      "22": 2,
      "23": 0,
      "24": 0,
      "25": 0,
      "26": 0,
      "27": 0,
      "28": 0,
      "29": 0,
      "30": 0,
      "31": 0,
      "32": 2
    },
    "f": { "0": 0, "1": 0, "2": 0, "3": 0 },
    "b": { "0": [0, 0], "1": [0, 0], "2": [0, 0], "3": [0, 0], "4": [0, 0] },
    "_coverageSchema": "1a1c01bbd47fc00a2c39e90264f33305004495a9",
    "hash": "99f2204309e9d00c71a721a87279833b76d1e44a"
  },
  "/Users/eddyzhou/Desktop/javascript_exercise/express/PawsReunite-Backend/src/controllers/PostController.js": {
    "path": "/Users/eddyzhou/Desktop/javascript_exercise/express/PawsReunite-Backend/src/controllers/PostController.js",
    "statementMap": {
      "0": { "start": { "line": 1, "column": 17 }, "end": { "line": 1, "column": 47 } },
      "1": { "start": { "line": 3, "column": 20 }, "end": { "line": 28, "column": 1 } },
      "2": { "start": { "line": 4, "column": 2 }, "end": { "line": 27, "column": 3 } },
      "3": { "start": { "line": 6, "column": 4 }, "end": { "line": 19, "column": 5 } },
      "4": { "start": { "line": 7, "column": 21 }, "end": { "line": 7, "column": 41 } },
      "5": { "start": { "line": 8, "column": 6 }, "end": { "line": 8, "column": 52 } },
      "6": { "start": { "line": 9, "column": 6 }, "end": { "line": 13, "column": 7 } },
      "7": { "start": { "line": 10, "column": 22 }, "end": { "line": 10, "column": 49 } },
      "8": { "start": { "line": 11, "column": 8 }, "end": { "line": 11, "column": 31 } },
      "9": { "start": { "line": 12, "column": 8 }, "end": { "line": 12, "column": 19 } },
      "10": { "start": { "line": 14, "column": 11 }, "end": { "line": 19, "column": 5 } },
      "11": { "start": { "line": 15, "column": 21 }, "end": { "line": 15, "column": 41 } },
      "12": { "start": { "line": 16, "column": 6 }, "end": { "line": 16, "column": 60 } },
      "13": { "start": { "line": 18, "column": 6 }, "end": { "line": 18, "column": 44 } },
      "14": { "start": { "line": 20, "column": 4 }, "end": { "line": 22, "column": 7 } },
      "15": { "start": { "line": 24, "column": 4 }, "end": { "line": 26, "column": 7 } },
      "16": { "start": { "line": 30, "column": 29 }, "end": { "line": 41, "column": 1 } },
      "17": { "start": { "line": 31, "column": 2 }, "end": { "line": 40, "column": 3 } },
      "18": { "start": { "line": 32, "column": 21 }, "end": { "line": 32, "column": 79 } },
      "19": { "start": { "line": 33, "column": 4 }, "end": { "line": 35, "column": 7 } },
      "20": { "start": { "line": 37, "column": 4 }, "end": { "line": 39, "column": 7 } },
      "21": { "start": { "line": 43, "column": 28 }, "end": { "line": 43, "column": 69 } },
      "22": { "start": { "line": 45, "column": 19 }, "end": { "line": 71, "column": 1 } },
      "23": { "start": { "line": 46, "column": 2 }, "end": { "line": 70, "column": 3 } },
      "24": { "start": { "line": 47, "column": 18 }, "end": { "line": 47, "column": 31 } },
      "25": { "start": { "line": 48, "column": 19 }, "end": { "line": 48, "column": 47 } },
      "26": { "start": { "line": 49, "column": 20 }, "end": { "line": 60, "column": 6 } },
      "27": { "start": { "line": 62, "column": 22 }, "end": { "line": 62, "column": 42 } },
      "28": { "start": { "line": 63, "column": 4 }, "end": { "line": 65, "column": 7 } },
      "29": { "start": { "line": 67, "column": 4 }, "end": { "line": 69, "column": 7 } },
      "30": { "start": { "line": 73, "column": 19 }, "end": { "line": 93, "column": 1 } },
      "31": { "start": { "line": 74, "column": 2 }, "end": { "line": 92, "column": 3 } },
      "32": { "start": { "line": 75, "column": 17 }, "end": { "line": 75, "column": 66 } },
      "33": { "start": { "line": 80, "column": 4 }, "end": { "line": 87, "column": 5 } },
      "34": { "start": { "line": 81, "column": 26 }, "end": { "line": 81, "column": 84 } },
      "35": { "start": { "line": 82, "column": 6 }, "end": { "line": 84, "column": 9 } },
      "36": { "start": { "line": 86, "column": 6 }, "end": { "line": 86, "column": 69 } },
      "37": { "start": { "line": 89, "column": 4 }, "end": { "line": 91, "column": 7 } },
      "38": { "start": { "line": 95, "column": 19 }, "end": { "line": 127, "column": 1 } },
      "39": { "start": { "line": 96, "column": 2 }, "end": { "line": 126, "column": 3 } },
      "40": { "start": { "line": 97, "column": 17 }, "end": { "line": 97, "column": 66 } },
      "41": { "start": { "line": 98, "column": 4 }, "end": { "line": 100, "column": 5 } },
      "42": { "start": { "line": 99, "column": 6 }, "end": { "line": 99, "column": 40 } },
      "43": { "start": { "line": 101, "column": 4 }, "end": { "line": 121, "column": 5 } },
      "44": { "start": { "line": 102, "column": 6 }, "end": { "line": 102, "column": 69 } },
      "45": { "start": { "line": 104, "column": 26 }, "end": { "line": 113, "column": 7 } },
      "46": { "start": { "line": 115, "column": 26 }, "end": { "line": 117, "column": 15 } },
      "47": { "start": { "line": 118, "column": 6 }, "end": { "line": 120, "column": 9 } },
      "48": { "start": { "line": 123, "column": 4 }, "end": { "line": 125, "column": 7 } },
      "49": { "start": { "line": 130, "column": 20 }, "end": { "line": 141, "column": 1 } },
      "50": { "start": { "line": 131, "column": 2 }, "end": { "line": 140, "column": 3 } },
      "51": { "start": { "line": 132, "column": 22 }, "end": { "line": 132, "column": 70 } },
      "52": { "start": { "line": 133, "column": 4 }, "end": { "line": 135, "column": 7 } },
      "53": { "start": { "line": 137, "column": 4 }, "end": { "line": 139, "column": 7 } },
      "54": { "start": { "line": 143, "column": 0 }, "end": { "line": 150, "column": 2 } }
    },
    "fnMap": {
      "0": {
        "name": "(anonymous_0)",
        "decl": { "start": { "line": 3, "column": 20 }, "end": { "line": 3, "column": 21 } },
        "loc": { "start": { "line": 3, "column": 49 }, "end": { "line": 28, "column": 1 } },
        "line": 3
      },
      "1": {
        "name": "(anonymous_1)",
        "decl": { "start": { "line": 30, "column": 29 }, "end": { "line": 30, "column": 30 } },
        "loc": { "start": { "line": 30, "column": 58 }, "end": { "line": 41, "column": 1 } },
        "line": 30
      },
      "2": {
        "name": "(anonymous_2)",
        "decl": { "start": { "line": 45, "column": 19 }, "end": { "line": 45, "column": 20 } },
        "loc": { "start": { "line": 45, "column": 48 }, "end": { "line": 71, "column": 1 } },
        "line": 45
      },
      "3": {
        "name": "(anonymous_3)",
        "decl": { "start": { "line": 73, "column": 19 }, "end": { "line": 73, "column": 20 } },
        "loc": { "start": { "line": 73, "column": 48 }, "end": { "line": 93, "column": 1 } },
        "line": 73
      },
      "4": {
        "name": "(anonymous_4)",
        "decl": { "start": { "line": 95, "column": 19 }, "end": { "line": 95, "column": 20 } },
        "loc": { "start": { "line": 95, "column": 48 }, "end": { "line": 127, "column": 1 } },
        "line": 95
      },
      "5": {
        "name": "(anonymous_5)",
        "decl": { "start": { "line": 130, "column": 20 }, "end": { "line": 130, "column": 21 } },
        "loc": { "start": { "line": 130, "column": 49 }, "end": { "line": 141, "column": 1 } },
        "line": 130
      }
    },
    "branchMap": {
      "0": {
        "loc": { "start": { "line": 6, "column": 4 }, "end": { "line": 19, "column": 5 } },
        "type": "if",
        "locations": [
          { "start": { "line": 6, "column": 4 }, "end": { "line": 19, "column": 5 } },
          { "start": { "line": 14, "column": 11 }, "end": { "line": 19, "column": 5 } }
        ],
        "line": 6
      },
      "1": {
        "loc": { "start": { "line": 9, "column": 6 }, "end": { "line": 13, "column": 7 } },
        "type": "if",
        "locations": [
          { "start": { "line": 9, "column": 6 }, "end": { "line": 13, "column": 7 } },
          { "start": {}, "end": {} }
        ],
        "line": 9
      },
      "2": {
        "loc": { "start": { "line": 14, "column": 11 }, "end": { "line": 19, "column": 5 } },
        "type": "if",
        "locations": [
          { "start": { "line": 14, "column": 11 }, "end": { "line": 19, "column": 5 } },
          { "start": { "line": 17, "column": 11 }, "end": { "line": 19, "column": 5 } }
        ],
        "line": 14
      },
      "3": {
        "loc": { "start": { "line": 24, "column": 20 }, "end": { "line": 24, "column": 43 } },
        "type": "binary-expr",
        "locations": [
          { "start": { "line": 24, "column": 20 }, "end": { "line": 24, "column": 36 } },
          { "start": { "line": 24, "column": 40 }, "end": { "line": 24, "column": 43 } }
        ],
        "line": 24
      },
      "4": {
        "loc": { "start": { "line": 80, "column": 4 }, "end": { "line": 87, "column": 5 } },
        "type": "if",
        "locations": [
          { "start": { "line": 80, "column": 4 }, "end": { "line": 87, "column": 5 } },
          { "start": { "line": 85, "column": 11 }, "end": { "line": 87, "column": 5 } }
        ],
        "line": 80
      },
      "5": {
        "loc": { "start": { "line": 80, "column": 8 }, "end": { "line": 80, "column": 85 } },
        "type": "binary-expr",
        "locations": [
          { "start": { "line": 80, "column": 8 }, "end": { "line": 80, "column": 50 } },
          { "start": { "line": 80, "column": 54 }, "end": { "line": 80, "column": 85 } }
        ],
        "line": 80
      },
      "6": {
        "loc": { "start": { "line": 98, "column": 4 }, "end": { "line": 100, "column": 5 } },
        "type": "if",
        "locations": [
          { "start": { "line": 98, "column": 4 }, "end": { "line": 100, "column": 5 } },
          { "start": {}, "end": {} }
        ],
        "line": 98
      },
      "7": {
        "loc": { "start": { "line": 101, "column": 4 }, "end": { "line": 121, "column": 5 } },
        "type": "if",
        "locations": [
          { "start": { "line": 101, "column": 4 }, "end": { "line": 121, "column": 5 } },
          { "start": { "line": 103, "column": 11 }, "end": { "line": 121, "column": 5 } }
        ],
        "line": 101
      },
      "8": {
        "loc": { "start": { "line": 105, "column": 15 }, "end": { "line": 105, "column": 47 } },
        "type": "binary-expr",
        "locations": [
          { "start": { "line": 105, "column": 15 }, "end": { "line": 105, "column": 33 } },
          { "start": { "line": 105, "column": 37 }, "end": { "line": 105, "column": 47 } }
        ],
        "line": 105
      },
      "9": {
        "loc": { "start": { "line": 106, "column": 17 }, "end": { "line": 106, "column": 53 } },
        "type": "binary-expr",
        "locations": [
          { "start": { "line": 106, "column": 17 }, "end": { "line": 106, "column": 37 } },
          { "start": { "line": 106, "column": 41 }, "end": { "line": 106, "column": 53 } }
        ],
        "line": 106
      },
      "10": {
        "loc": { "start": { "line": 107, "column": 15 }, "end": { "line": 107, "column": 47 } },
        "type": "binary-expr",
        "locations": [
          { "start": { "line": 107, "column": 15 }, "end": { "line": 107, "column": 33 } },
          { "start": { "line": 107, "column": 37 }, "end": { "line": 107, "column": 47 } }
        ],
        "line": 107
      },
      "11": {
        "loc": { "start": { "line": 108, "column": 15 }, "end": { "line": 108, "column": 47 } },
        "type": "binary-expr",
        "locations": [
          { "start": { "line": 108, "column": 15 }, "end": { "line": 108, "column": 33 } },
          { "start": { "line": 108, "column": 37 }, "end": { "line": 108, "column": 47 } }
        ],
        "line": 108
      },
      "12": {
        "loc": { "start": { "line": 109, "column": 21 }, "end": { "line": 109, "column": 65 } },
        "type": "binary-expr",
        "locations": [
          { "start": { "line": 109, "column": 21 }, "end": { "line": 109, "column": 45 } },
          { "start": { "line": 109, "column": 49 }, "end": { "line": 109, "column": 65 } }
        ],
        "line": 109
      },
      "13": {
        "loc": { "start": { "line": 110, "column": 16 }, "end": { "line": 110, "column": 50 } },
        "type": "binary-expr",
        "locations": [
          { "start": { "line": 110, "column": 16 }, "end": { "line": 110, "column": 35 } },
          { "start": { "line": 110, "column": 39 }, "end": { "line": 110, "column": 50 } }
        ],
        "line": 110
      },
      "14": {
        "loc": { "start": { "line": 111, "column": 21 }, "end": { "line": 111, "column": 65 } },
        "type": "binary-expr",
        "locations": [
          { "start": { "line": 111, "column": 21 }, "end": { "line": 111, "column": 45 } },
          { "start": { "line": 111, "column": 49 }, "end": { "line": 111, "column": 65 } }
        ],
        "line": 111
      }
    },
    "s": {
      "0": 2,
      "1": 2,
      "2": 6,
      "3": 6,
      "4": 2,
      "5": 2,
      "6": 2,
      "7": 1,
      "8": 1,
      "9": 1,
      "10": 4,
      "11": 2,
      "12": 2,
      "13": 2,
      "14": 5,
      "15": 1,
      "16": 2,
      "17": 0,
      "18": 0,
      "19": 0,
      "20": 0,
      "21": 2,
      "22": 2,
      "23": 0,
      "24": 0,
      "25": 0,
      "26": 0,
      "27": 0,
      "28": 0,
      "29": 0,
      "30": 2,
      "31": 0,
      "32": 0,
      "33": 0,
      "34": 0,
      "35": 0,
      "36": 0,
      "37": 0,
      "38": 2,
      "39": 0,
      "40": 0,
      "41": 0,
      "42": 0,
      "43": 0,
      "44": 0,
      "45": 0,
      "46": 0,
      "47": 0,
      "48": 0,
      "49": 2,
      "50": 0,
      "51": 0,
      "52": 0,
      "53": 0,
      "54": 2
    },
    "f": { "0": 6, "1": 0, "2": 0, "3": 0, "4": 0, "5": 0 },
    "b": {
      "0": [2, 4],
      "1": [1, 1],
      "2": [2, 2],
      "3": [1, 0],
      "4": [0, 0],
      "5": [0, 0],
      "6": [0, 0],
      "7": [0, 0],
      "8": [0, 0],
      "9": [0, 0],
      "10": [0, 0],
      "11": [0, 0],
      "12": [0, 0],
      "13": [0, 0],
      "14": [0, 0]
    },
    "_coverageSchema": "1a1c01bbd47fc00a2c39e90264f33305004495a9",
    "hash": "c3d69399844da2f07315e35e9ca32dde8c83168b"
  },
  "/Users/eddyzhou/Desktop/javascript_exercise/express/PawsReunite-Backend/src/controllers/RoleController.js": {
    "path": "/Users/eddyzhou/Desktop/javascript_exercise/express/PawsReunite-Backend/src/controllers/RoleController.js",
    "statementMap": {
      "0": { "start": { "line": 1, "column": 17 }, "end": { "line": 1, "column": 47 } },
      "1": { "start": { "line": 2, "column": 17 }, "end": { "line": 2, "column": 47 } },
      "2": { "start": { "line": 5, "column": 20 }, "end": { "line": 16, "column": 1 } },
      "3": { "start": { "line": 6, "column": 2 }, "end": { "line": 15, "column": 3 } },
      "4": { "start": { "line": 7, "column": 21 }, "end": { "line": 7, "column": 47 } },
      "5": { "start": { "line": 8, "column": 4 }, "end": { "line": 10, "column": 7 } },
      "6": { "start": { "line": 12, "column": 4 }, "end": { "line": 14, "column": 7 } },
      "7": { "start": { "line": 19, "column": 25 }, "end": { "line": 31, "column": 1 } },
      "8": { "start": { "line": 20, "column": 2 }, "end": { "line": 30, "column": 3 } },
      "9": { "start": { "line": 21, "column": 17 }, "end": { "line": 21, "column": 77 } },
      "10": { "start": { "line": 22, "column": 18 }, "end": { "line": 22, "column": 58 } },
      "11": { "start": { "line": 23, "column": 4 }, "end": { "line": 25, "column": 7 } },
      "12": { "start": { "line": 27, "column": 4 }, "end": { "line": 29, "column": 7 } },
      "13": { "start": { "line": 33, "column": 0 }, "end": { "line": 33, "column": 51 } }
    },
    "fnMap": {
      "0": {
        "name": "(anonymous_0)",
        "decl": { "start": { "line": 5, "column": 20 }, "end": { "line": 5, "column": 21 } },
        "loc": { "start": { "line": 5, "column": 49 }, "end": { "line": 16, "column": 1 } },
        "line": 5
      },
      "1": {
        "name": "(anonymous_1)",
        "decl": { "start": { "line": 19, "column": 25 }, "end": { "line": 19, "column": 26 } },
        "loc": { "start": { "line": 19, "column": 54 }, "end": { "line": 31, "column": 1 } },
        "line": 19
      }
    },
    "branchMap": {},
    "s": {
      "0": 2,
      "1": 2,
      "2": 2,
      "3": 0,
      "4": 0,
      "5": 0,
      "6": 0,
      "7": 2,
      "8": 0,
      "9": 0,
      "10": 0,
      "11": 0,
      "12": 0,
      "13": 2
    },
    "f": { "0": 0, "1": 0 },
    "b": {},
    "_coverageSchema": "1a1c01bbd47fc00a2c39e90264f33305004495a9",
    "hash": "fedac63e131cae39d323c365206314f9161b4941"
  },
  "/Users/eddyzhou/Desktop/javascript_exercise/express/PawsReunite-Backend/src/controllers/UserController.js": {
    "path": "/Users/eddyzhou/Desktop/javascript_exercise/express/PawsReunite-Backend/src/controllers/UserController.js",
    "statementMap": {
      "0": { "start": { "line": 1, "column": 17 }, "end": { "line": 1, "column": 47 } },
      "1": { "start": { "line": 2, "column": 17 }, "end": { "line": 2, "column": 47 } },
      "2": { "start": { "line": 3, "column": 20 }, "end": { "line": 3, "column": 53 } },
      "3": { "start": { "line": 4, "column": 62 }, "end": { "line": 4, "column": 98 } },
      "4": { "start": { "line": 7, "column": 15 }, "end": { "line": 30, "column": 1 } },
      "5": { "start": { "line": 8, "column": 2 }, "end": { "line": 29, "column": 3 } },
      "6": { "start": { "line": 10, "column": 25 }, "end": { "line": 10, "column": 62 } },
      "7": { "start": { "line": 13, "column": 20 }, "end": { "line": 17, "column": 6 } },
      "8": { "start": { "line": 18, "column": 4 }, "end": { "line": 18, "column": 25 } },
      "9": { "start": { "line": 21, "column": 20 }, "end": { "line": 25, "column": 6 } },
      "10": { "start": { "line": 26, "column": 4 }, "end": { "line": 26, "column": 64 } },
      "11": { "start": { "line": 28, "column": 4 }, "end": { "line": 28, "column": 58 } },
      "12": { "start": { "line": 33, "column": 15 }, "end": { "line": 57, "column": 1 } },
      "13": { "start": { "line": 34, "column": 2 }, "end": { "line": 56, "column": 3 } },
      "14": { "start": { "line": 36, "column": 15 }, "end": { "line": 36, "column": 60 } },
      "15": { "start": { "line": 37, "column": 4 }, "end": { "line": 39, "column": 5 } },
      "16": { "start": { "line": 38, "column": 6 }, "end": { "line": 38, "column": 68 } },
      "17": { "start": { "line": 42, "column": 24 }, "end": { "line": 42, "column": 88 } },
      "18": { "start": { "line": 44, "column": 4 }, "end": { "line": 53, "column": 5 } },
      "19": { "start": { "line": 45, "column": 6 }, "end": { "line": 45, "column": 70 } },
      "20": { "start": { "line": 47, "column": 22 }, "end": { "line": 51, "column": 8 } },
      "21": { "start": { "line": 52, "column": 6 }, "end": { "line": 52, "column": 63 } },
      "22": { "start": { "line": 55, "column": 4 }, "end": { "line": 55, "column": 58 } },
      "23": { "start": { "line": 60, "column": 20 }, "end": { "line": 110, "column": 1 } },
      "24": { "start": { "line": 61, "column": 2 }, "end": { "line": 109, "column": 3 } },
      "25": { "start": { "line": 62, "column": 22 }, "end": { "line": 62, "column": 38 } },
      "26": { "start": { "line": 65, "column": 4 }, "end": { "line": 67, "column": 5 } },
      "27": { "start": { "line": 66, "column": 6 }, "end": { "line": 66, "column": 84 } },
      "28": { "start": { "line": 68, "column": 4 }, "end": { "line": 70, "column": 5 } },
      "29": { "start": { "line": 69, "column": 6 }, "end": { "line": 69, "column": 75 } },
      "30": { "start": { "line": 73, "column": 4 }, "end": { "line": 76, "column": 5 } },
      "31": { "start": { "line": 74, "column": 6 }, "end": { "line": 74, "column": 46 } },
      "32": { "start": { "line": 75, "column": 6 }, "end": { "line": 75, "column": 69 } },
      "33": { "start": { "line": 77, "column": 4 }, "end": { "line": 79, "column": 5 } },
      "34": { "start": { "line": 78, "column": 6 }, "end": { "line": 78, "column": 72 } },
      "35": { "start": { "line": 83, "column": 4 }, "end": { "line": 85, "column": 5 } },
      "36": { "start": { "line": 84, "column": 6 }, "end": { "line": 84, "column": 61 } },
      "37": { "start": { "line": 88, "column": 21 }, "end": { "line": 92, "column": 5 } },
      "38": { "start": { "line": 95, "column": 4 }, "end": { "line": 95, "column": 77 } },
      "39": { "start": { "line": 96, "column": 17 }, "end": { "line": 100, "column": 6 } },
      "40": { "start": { "line": 102, "column": 4 }, "end": { "line": 106, "column": 7 } },
      "41": { "start": { "line": 108, "column": 4 }, "end": { "line": 108, "column": 58 } },
      "42": { "start": { "line": 112, "column": 20 }, "end": { "line": 119, "column": 1 } },
      "43": { "start": { "line": 113, "column": 2 }, "end": { "line": 118, "column": 3 } },
      "44": { "start": { "line": 114, "column": 16 }, "end": { "line": 114, "column": 42 } },
      "45": { "start": { "line": 115, "column": 4 }, "end": { "line": 115, "column": 27 } },
      "46": { "start": { "line": 117, "column": 4 }, "end": { "line": 117, "column": 58 } },
      "47": { "start": { "line": 122, "column": 19 }, "end": { "line": 138, "column": 1 } },
      "48": { "start": { "line": 123, "column": 2 }, "end": { "line": 137, "column": 3 } },
      "49": { "start": { "line": 124, "column": 23 }, "end": { "line": 124, "column": 77 } },
      "50": { "start": { "line": 126, "column": 24 }, "end": { "line": 126, "column": 83 } },
      "51": { "start": { "line": 127, "column": 27 }, "end": { "line": 127, "column": 89 } },
      "52": { "start": { "line": 130, "column": 4 }, "end": { "line": 132, "column": 5 } },
      "53": { "start": { "line": 131, "column": 6 }, "end": { "line": 131, "column": 63 } },
      "54": { "start": { "line": 134, "column": 4 }, "end": { "line": 134, "column": 62 } },
      "55": { "start": { "line": 136, "column": 4 }, "end": { "line": 136, "column": 58 } },
      "56": { "start": { "line": 140, "column": 26 }, "end": { "line": 156, "column": 1 } },
      "57": { "start": { "line": 141, "column": 2 }, "end": { "line": 155, "column": 3 } },
      "58": { "start": { "line": 142, "column": 22 }, "end": { "line": 142, "column": 67 } },
      "59": { "start": { "line": 146, "column": 4 }, "end": { "line": 152, "column": 5 } },
      "60": { "start": { "line": 147, "column": 6 }, "end": { "line": 147, "column": 63 } },
      "61": { "start": { "line": 148, "column": 11 }, "end": { "line": 152, "column": 5 } },
      "62": { "start": { "line": 149, "column": 6 }, "end": { "line": 149, "column": 35 } },
      "63": { "start": { "line": 151, "column": 6 }, "end": { "line": 151, "column": 61 } },
      "64": { "start": { "line": 154, "column": 4 }, "end": { "line": 154, "column": 58 } },
      "65": { "start": { "line": 158, "column": 0 }, "end": { "line": 158, "column": 93 } }
    },
    "fnMap": {
      "0": {
        "name": "(anonymous_0)",
        "decl": { "start": { "line": 7, "column": 15 }, "end": { "line": 7, "column": 16 } },
        "loc": { "start": { "line": 7, "column": 41 }, "end": { "line": 30, "column": 1 } },
        "line": 7
      },
      "1": {
        "name": "(anonymous_1)",
        "decl": { "start": { "line": 33, "column": 15 }, "end": { "line": 33, "column": 16 } },
        "loc": { "start": { "line": 33, "column": 35 }, "end": { "line": 57, "column": 1 } },
        "line": 33
      },
      "2": {
        "name": "(anonymous_2)",
        "decl": { "start": { "line": 60, "column": 20 }, "end": { "line": 60, "column": 21 } },
        "loc": { "start": { "line": 60, "column": 40 }, "end": { "line": 110, "column": 1 } },
        "line": 60
      },
      "3": {
        "name": "(anonymous_3)",
        "decl": { "start": { "line": 112, "column": 20 }, "end": { "line": 112, "column": 21 } },
        "loc": { "start": { "line": 112, "column": 40 }, "end": { "line": 119, "column": 1 } },
        "line": 112
      },
      "4": {
        "name": "(anonymous_4)",
        "decl": { "start": { "line": 122, "column": 19 }, "end": { "line": 122, "column": 20 } },
        "loc": { "start": { "line": 122, "column": 39 }, "end": { "line": 138, "column": 1 } },
        "line": 122
      },
      "5": {
        "name": "(anonymous_5)",
        "decl": { "start": { "line": 140, "column": 26 }, "end": { "line": 140, "column": 27 } },
        "loc": { "start": { "line": 140, "column": 46 }, "end": { "line": 156, "column": 1 } },
        "line": 140
      }
    },
    "branchMap": {
      "0": {
        "loc": { "start": { "line": 37, "column": 4 }, "end": { "line": 39, "column": 5 } },
        "type": "if",
        "locations": [
          { "start": { "line": 37, "column": 4 }, "end": { "line": 39, "column": 5 } },
          { "start": {}, "end": {} }
        ],
        "line": 37
      },
      "1": {
        "loc": { "start": { "line": 42, "column": 49 }, "end": { "line": 42, "column": 72 } },
        "type": "binary-expr",
        "locations": [
          { "start": { "line": 42, "column": 49 }, "end": { "line": 42, "column": 66 } },
          { "start": { "line": 42, "column": 70 }, "end": { "line": 42, "column": 72 } }
        ],
        "line": 42
      },
      "2": {
        "loc": { "start": { "line": 44, "column": 4 }, "end": { "line": 53, "column": 5 } },
        "type": "if",
        "locations": [
          { "start": { "line": 44, "column": 4 }, "end": { "line": 53, "column": 5 } },
          { "start": { "line": 46, "column": 11 }, "end": { "line": 53, "column": 5 } }
        ],
        "line": 44
      },
      "3": {
        "loc": { "start": { "line": 65, "column": 4 }, "end": { "line": 67, "column": 5 } },
        "type": "if",
        "locations": [
          { "start": { "line": 65, "column": 4 }, "end": { "line": 67, "column": 5 } },
          { "start": {}, "end": {} }
        ],
        "line": 65
      },
      "4": {
        "loc": { "start": { "line": 68, "column": 4 }, "end": { "line": 70, "column": 5 } },
        "type": "if",
        "locations": [
          { "start": { "line": 68, "column": 4 }, "end": { "line": 70, "column": 5 } },
          { "start": {}, "end": {} }
        ],
        "line": 68
      },
      "5": {
        "loc": { "start": { "line": 73, "column": 4 }, "end": { "line": 76, "column": 5 } },
        "type": "if",
        "locations": [
          { "start": { "line": 73, "column": 4 }, "end": { "line": 76, "column": 5 } },
          { "start": {}, "end": {} }
        ],
        "line": 73
      },
      "6": {
        "loc": { "start": { "line": 73, "column": 8 }, "end": { "line": 73, "column": 67 } },
        "type": "binary-expr",
        "locations": [
          { "start": { "line": 73, "column": 8 }, "end": { "line": 73, "column": 21 } },
          { "start": { "line": 73, "column": 25 }, "end": { "line": 73, "column": 67 } }
        ],
        "line": 73
      },
      "7": {
        "loc": { "start": { "line": 77, "column": 4 }, "end": { "line": 79, "column": 5 } },
        "type": "if",
        "locations": [
          { "start": { "line": 77, "column": 4 }, "end": { "line": 79, "column": 5 } },
          { "start": {}, "end": {} }
        ],
        "line": 77
      },
      "8": {
        "loc": { "start": { "line": 77, "column": 8 }, "end": { "line": 77, "column": 73 } },
        "type": "binary-expr",
        "locations": [
          { "start": { "line": 77, "column": 8 }, "end": { "line": 77, "column": 24 } },
          { "start": { "line": 77, "column": 28 }, "end": { "line": 77, "column": 73 } }
        ],
        "line": 77
      },
      "9": {
        "loc": { "start": { "line": 83, "column": 4 }, "end": { "line": 85, "column": 5 } },
        "type": "if",
        "locations": [
          { "start": { "line": 83, "column": 4 }, "end": { "line": 85, "column": 5 } },
          { "start": {}, "end": {} }
        ],
        "line": 83
      },
      "10": {
        "loc": { "start": { "line": 89, "column": 16 }, "end": { "line": 89, "column": 57 } },
        "type": "binary-expr",
        "locations": [
          { "start": { "line": 89, "column": 16 }, "end": { "line": 89, "column": 33 } },
          { "start": { "line": 89, "column": 37 }, "end": { "line": 89, "column": 57 } }
        ],
        "line": 89
      },
      "11": {
        "loc": { "start": { "line": 90, "column": 13 }, "end": { "line": 90, "column": 48 } },
        "type": "binary-expr",
        "locations": [
          { "start": { "line": 90, "column": 13 }, "end": { "line": 90, "column": 27 } },
          { "start": { "line": 90, "column": 31 }, "end": { "line": 90, "column": 48 } }
        ],
        "line": 90
      },
      "12": {
        "loc": { "start": { "line": 91, "column": 16 }, "end": { "line": 91, "column": 54 } },
        "type": "binary-expr",
        "locations": [
          { "start": { "line": 91, "column": 16 }, "end": { "line": 91, "column": 30 } },
          { "start": { "line": 91, "column": 34 }, "end": { "line": 91, "column": 54 } }
        ],
        "line": 91
      },
      "13": {
        "loc": { "start": { "line": 130, "column": 4 }, "end": { "line": 132, "column": 5 } },
        "type": "if",
        "locations": [
          { "start": { "line": 130, "column": 4 }, "end": { "line": 132, "column": 5 } },
          { "start": {}, "end": {} }
        ],
        "line": 130
      },
      "14": {
        "loc": { "start": { "line": 146, "column": 4 }, "end": { "line": 152, "column": 5 } },
        "type": "if",
        "locations": [
          { "start": { "line": 146, "column": 4 }, "end": { "line": 152, "column": 5 } },
          { "start": { "line": 148, "column": 11 }, "end": { "line": 152, "column": 5 } }
        ],
        "line": 146
      },
      "15": {
        "loc": { "start": { "line": 148, "column": 11 }, "end": { "line": 152, "column": 5 } },
        "type": "if",
        "locations": [
          { "start": { "line": 148, "column": 11 }, "end": { "line": 152, "column": 5 } },
          { "start": { "line": 150, "column": 11 }, "end": { "line": 152, "column": 5 } }
        ],
        "line": 148
      }
    },
    "s": {
      "0": 2,
      "1": 2,
      "2": 2,
      "3": 2,
      "4": 2,
      "5": 0,
      "6": 0,
      "7": 0,
      "8": 0,
      "9": 0,
      "10": 0,
      "11": 0,
      "12": 2,
      "13": 0,
      "14": 0,
      "15": 0,
      "16": 0,
      "17": 0,
      "18": 0,
      "19": 0,
      "20": 0,
      "21": 0,
      "22": 0,
      "23": 2,
      "24": 0,
      "25": 0,
      "26": 0,
      "27": 0,
      "28": 0,
      "29": 0,
      "30": 0,
      "31": 0,
      "32": 0,
      "33": 0,
      "34": 0,
      "35": 0,
      "36": 0,
      "37": 0,
      "38": 0,
      "39": 0,
      "40": 0,
      "41": 0,
      "42": 2,
      "43": 0,
      "44": 0,
      "45": 0,
      "46": 0,
      "47": 2,
      "48": 0,
      "49": 0,
      "50": 0,
      "51": 0,
      "52": 0,
      "53": 0,
      "54": 0,
      "55": 0,
      "56": 2,
      "57": 0,
      "58": 0,
      "59": 0,
      "60": 0,
      "61": 0,
      "62": 0,
      "63": 0,
      "64": 0,
      "65": 2
    },
    "f": { "0": 0, "1": 0, "2": 0, "3": 0, "4": 0, "5": 0 },
    "b": {
      "0": [0, 0],
      "1": [0, 0],
      "2": [0, 0],
      "3": [0, 0],
      "4": [0, 0],
      "5": [0, 0],
      "6": [0, 0],
      "7": [0, 0],
      "8": [0, 0],
      "9": [0, 0],
      "10": [0, 0],
      "11": [0, 0],
      "12": [0, 0],
      "13": [0, 0],
      "14": [0, 0],
      "15": [0, 0]
    },
    "_coverageSchema": "1a1c01bbd47fc00a2c39e90264f33305004495a9",
    "hash": "1d2a4e91350f6fe62e8b9508882b3a4542324f92"
  },
  "/Users/eddyzhou/Desktop/javascript_exercise/express/PawsReunite-Backend/src/middleware/AuthMiddleware.js": {
    "path": "/Users/eddyzhou/Desktop/javascript_exercise/express/PawsReunite-Backend/src/middleware/AuthMiddleware.js",
    "statementMap": {
      "0": { "start": { "line": 1, "column": 12 }, "end": { "line": 1, "column": 35 } },
      "1": { "start": { "line": 2, "column": 17 }, "end": { "line": 2, "column": 47 } },
      "2": { "start": { "line": 3, "column": 17 }, "end": { "line": 3, "column": 47 } },
      "3": { "start": { "line": 4, "column": 41 }, "end": { "line": 4, "column": 77 } },
      "4": { "start": { "line": 8, "column": 28 }, "end": { "line": 30, "column": 1 } },
      "5": { "start": { "line": 9, "column": 2 }, "end": { "line": 29, "column": 3 } },
      "6": { "start": { "line": 11, "column": 23 }, "end": { "line": 11, "column": 48 } },
      "7": { "start": { "line": 12, "column": 4 }, "end": { "line": 12, "column": 55 } },
      "8": { "start": { "line": 12, "column": 23 }, "end": { "line": 12, "column": 55 } },
      "9": { "start": { "line": 13, "column": 19 }, "end": { "line": 13, "column": 45 } },
      "10": { "start": { "line": 16, "column": 32 }, "end": { "line": 16, "column": 61 } },
      "11": { "start": { "line": 17, "column": 33 }, "end": { "line": 17, "column": 54 } },
      "12": { "start": { "line": 18, "column": 4 }, "end": { "line": 18, "column": 51 } },
      "13": { "start": { "line": 21, "column": 21 }, "end": { "line": 21, "column": 66 } },
      "14": { "start": { "line": 22, "column": 4 }, "end": { "line": 22, "column": 43 } },
      "15": { "start": { "line": 23, "column": 4 }, "end": { "line": 23, "column": 40 } },
      "16": { "start": { "line": 24, "column": 4 }, "end": { "line": 24, "column": 34 } },
      "17": { "start": { "line": 25, "column": 4 }, "end": { "line": 25, "column": 11 } },
      "18": { "start": { "line": 27, "column": 4 }, "end": { "line": 27, "column": 35 } },
      "19": { "start": { "line": 28, "column": 4 }, "end": { "line": 28, "column": 11 } },
      "20": { "start": { "line": 32, "column": 24 }, "end": { "line": 39, "column": 1 } },
      "21": { "start": { "line": 33, "column": 2 }, "end": { "line": 38, "column": 3 } },
      "22": { "start": { "line": 34, "column": 4 }, "end": { "line": 34, "column": 11 } },
      "23": { "start": { "line": 36, "column": 4 }, "end": { "line": 36, "column": 36 } },
      "24": { "start": { "line": 37, "column": 4 }, "end": { "line": 37, "column": 11 } },
      "25": { "start": { "line": 41, "column": 0 }, "end": { "line": 41, "column": 58 } }
    },
    "fnMap": {
      "0": {
        "name": "(anonymous_0)",
        "decl": { "start": { "line": 8, "column": 28 }, "end": { "line": 8, "column": 29 } },
        "loc": { "start": { "line": 8, "column": 54 }, "end": { "line": 30, "column": 1 } },
        "line": 8
      },
      "1": {
        "name": "(anonymous_1)",
        "decl": { "start": { "line": 32, "column": 24 }, "end": { "line": 32, "column": 25 } },
        "loc": { "start": { "line": 32, "column": 50 }, "end": { "line": 39, "column": 1 } },
        "line": 32
      }
    },
    "branchMap": {
      "0": {
        "loc": { "start": { "line": 12, "column": 4 }, "end": { "line": 12, "column": 55 } },
        "type": "if",
        "locations": [
          { "start": { "line": 12, "column": 4 }, "end": { "line": 12, "column": 55 } },
          { "start": {}, "end": {} }
        ],
        "line": 12
      },
      "1": {
        "loc": { "start": { "line": 33, "column": 2 }, "end": { "line": 38, "column": 3 } },
        "type": "if",
        "locations": [
          { "start": { "line": 33, "column": 2 }, "end": { "line": 38, "column": 3 } },
          { "start": { "line": 35, "column": 9 }, "end": { "line": 38, "column": 3 } }
        ],
        "line": 33
      }
    },
    "s": {
      "0": 2,
      "1": 2,
      "2": 2,
      "3": 2,
      "4": 2,
      "5": 0,
      "6": 0,
      "7": 0,
      "8": 0,
      "9": 0,
      "10": 0,
      "11": 0,
      "12": 0,
      "13": 0,
      "14": 0,
      "15": 0,
      "16": 0,
      "17": 0,
      "18": 0,
      "19": 0,
      "20": 2,
      "21": 0,
      "22": 0,
      "23": 0,
      "24": 0,
      "25": 2
    },
    "f": { "0": 0, "1": 0 },
    "b": { "0": [0, 0], "1": [0, 0] },
    "_coverageSchema": "1a1c01bbd47fc00a2c39e90264f33305004495a9",
    "hash": "bdfafde74a37f809aacda91b327eeba4e95ed911"
  },
  "/Users/eddyzhou/Desktop/javascript_exercise/express/PawsReunite-Backend/src/middleware/ErrorMiddleware.js": {
    "path": "/Users/eddyzhou/Desktop/javascript_exercise/express/PawsReunite-Backend/src/middleware/ErrorMiddleware.js",
    "statementMap": {
      "0": { "start": { "line": 1, "column": 19 }, "end": { "line": 7, "column": 1 } },
      "1": { "start": { "line": 2, "column": 2 }, "end": { "line": 6, "column": 3 } },
      "2": { "start": { "line": 3, "column": 4 }, "end": { "line": 3, "column": 56 } },
      "3": { "start": { "line": 5, "column": 4 }, "end": { "line": 5, "column": 11 } },
      "4": { "start": { "line": 9, "column": 0 }, "end": { "line": 9, "column": 32 } }
    },
    "fnMap": {
      "0": {
        "name": "(anonymous_0)",
        "decl": { "start": { "line": 1, "column": 19 }, "end": { "line": 1, "column": 20 } },
        "loc": { "start": { "line": 1, "column": 39 }, "end": { "line": 7, "column": 1 } },
        "line": 1
      }
    },
    "branchMap": {
      "0": {
        "loc": { "start": { "line": 2, "column": 2 }, "end": { "line": 6, "column": 3 } },
        "type": "if",
        "locations": [
          { "start": { "line": 2, "column": 2 }, "end": { "line": 6, "column": 3 } },
          { "start": { "line": 4, "column": 9 }, "end": { "line": 6, "column": 3 } }
        ],
        "line": 2
      }
    },
    "s": { "0": 2, "1": 0, "2": 0, "3": 0, "4": 2 },
    "f": { "0": 0 },
    "b": { "0": [0, 0] },
    "_coverageSchema": "1a1c01bbd47fc00a2c39e90264f33305004495a9",
    "hash": "03d9c276f4ba60640b431bc9fd5fbe42d59a7a21"
  },
  "/Users/eddyzhou/Desktop/javascript_exercise/express/PawsReunite-Backend/src/middleware/PostMiddleware.js": {
    "path": "/Users/eddyzhou/Desktop/javascript_exercise/express/PawsReunite-Backend/src/middleware/PostMiddleware.js",
    "statementMap": {
      "0": { "start": { "line": 1, "column": 35 }, "end": { "line": 1, "column": 63 } },
      "1": { "start": { "line": 4, "column": 28 }, "end": { "line": 15, "column": 1 } },
      "2": { "start": { "line": 7, "column": 19 }, "end": { "line": 7, "column": 40 } },
      "3": { "start": { "line": 8, "column": 4 }, "end": { "line": 12, "column": 5 } },
      "4": { "start": { "line": 9, "column": 6 }, "end": { "line": 11, "column": 7 } },
      "5": { "start": { "line": 10, "column": 8 }, "end": { "line": 10, "column": 35 } },
      "6": { "start": { "line": 13, "column": 4 }, "end": { "line": 13, "column": 11 } },
      "7": { "start": { "line": 17, "column": 0 }, "end": { "line": 17, "column": 41 } }
    },
    "fnMap": {
      "0": {
        "name": "(anonymous_0)",
        "decl": { "start": { "line": 6, "column": 2 }, "end": { "line": 6, "column": 3 } },
        "loc": { "start": { "line": 6, "column": 22 }, "end": { "line": 14, "column": 3 } },
        "line": 6
      }
    },
    "branchMap": {
      "0": {
        "loc": { "start": { "line": 8, "column": 4 }, "end": { "line": 12, "column": 5 } },
        "type": "if",
        "locations": [
          { "start": { "line": 8, "column": 4 }, "end": { "line": 12, "column": 5 } },
          { "start": {}, "end": {} }
        ],
        "line": 8
      }
    },
    "s": { "0": 2, "1": 2, "2": 0, "3": 0, "4": 0, "5": 0, "6": 0, "7": 2 },
    "f": { "0": 0 },
    "b": { "0": [0, 0] },
    "_coverageSchema": "1a1c01bbd47fc00a2c39e90264f33305004495a9",
    "hash": "5ccaf6350ec7ee36c798efb0dc8209ab6afb4bcb"
  },
  "/Users/eddyzhou/Desktop/javascript_exercise/express/PawsReunite-Backend/src/middleware/UserMiddleware.js": {
    "path": "/Users/eddyzhou/Desktop/javascript_exercise/express/PawsReunite-Backend/src/middleware/UserMiddleware.js",
    "statementMap": {
      "0": { "start": { "line": 1, "column": 42 }, "end": { "line": 1, "column": 70 } },
      "1": { "start": { "line": 2, "column": 17 }, "end": { "line": 2, "column": 47 } },
      "2": { "start": { "line": 5, "column": 25 }, "end": { "line": 10, "column": 1 } },
      "3": { "start": { "line": 12, "column": 36 }, "end": { "line": 26, "column": 1 } },
      "4": { "start": { "line": 29, "column": 38 }, "end": { "line": 48, "column": 1 } },
      "5": { "start": { "line": 31, "column": 2 }, "end": { "line": 33, "column": 3 } },
      "6": { "start": { "line": 32, "column": 4 }, "end": { "line": 32, "column": 59 } },
      "7": { "start": { "line": 35, "column": 2 }, "end": { "line": 37, "column": 3 } },
      "8": { "start": { "line": 36, "column": 4 }, "end": { "line": 36, "column": 70 } },
      "9": { "start": { "line": 40, "column": 17 }, "end": { "line": 40, "column": 38 } },
      "10": { "start": { "line": 41, "column": 2 }, "end": { "line": 45, "column": 3 } },
      "11": { "start": { "line": 42, "column": 4 }, "end": { "line": 44, "column": 5 } },
      "12": { "start": { "line": 43, "column": 6 }, "end": { "line": 43, "column": 33 } },
      "13": { "start": { "line": 47, "column": 2 }, "end": { "line": 47, "column": 9 } },
      "14": { "start": { "line": 51, "column": 30 }, "end": { "line": 61, "column": 1 } },
      "15": { "start": { "line": 53, "column": 25 }, "end": { "line": 53, "column": 83 } },
      "16": { "start": { "line": 54, "column": 22 }, "end": { "line": 54, "column": 74 } },
      "17": { "start": { "line": 57, "column": 2 }, "end": { "line": 57, "column": 65 } },
      "18": { "start": { "line": 58, "column": 2 }, "end": { "line": 58, "column": 59 } },
      "19": { "start": { "line": 60, "column": 2 }, "end": { "line": 60, "column": 9 } },
      "20": { "start": { "line": 63, "column": 0 }, "end": { "line": 63, "column": 74 } }
    },
    "fnMap": {
      "0": {
        "name": "(anonymous_0)",
        "decl": { "start": { "line": 29, "column": 38 }, "end": { "line": 29, "column": 39 } },
        "loc": { "start": { "line": 29, "column": 64 }, "end": { "line": 48, "column": 1 } },
        "line": 29
      },
      "1": {
        "name": "(anonymous_1)",
        "decl": { "start": { "line": 51, "column": 30 }, "end": { "line": 51, "column": 31 } },
        "loc": { "start": { "line": 51, "column": 56 }, "end": { "line": 61, "column": 1 } },
        "line": 51
      }
    },
    "branchMap": {
      "0": {
        "loc": { "start": { "line": 31, "column": 2 }, "end": { "line": 33, "column": 3 } },
        "type": "if",
        "locations": [
          { "start": { "line": 31, "column": 2 }, "end": { "line": 33, "column": 3 } },
          { "start": {}, "end": {} }
        ],
        "line": 31
      },
      "1": {
        "loc": { "start": { "line": 31, "column": 6 }, "end": { "line": 31, "column": 45 } },
        "type": "binary-expr",
        "locations": [
          { "start": { "line": 31, "column": 6 }, "end": { "line": 31, "column": 20 } },
          { "start": { "line": 31, "column": 24 }, "end": { "line": 31, "column": 45 } }
        ],
        "line": 31
      },
      "2": {
        "loc": { "start": { "line": 35, "column": 2 }, "end": { "line": 37, "column": 3 } },
        "type": "if",
        "locations": [
          { "start": { "line": 35, "column": 2 }, "end": { "line": 37, "column": 3 } },
          { "start": {}, "end": {} }
        ],
        "line": 35
      },
      "3": {
        "loc": { "start": { "line": 35, "column": 6 }, "end": { "line": 35, "column": 51 } },
        "type": "binary-expr",
        "locations": [
          { "start": { "line": 35, "column": 6 }, "end": { "line": 35, "column": 23 } },
          { "start": { "line": 35, "column": 27 }, "end": { "line": 35, "column": 51 } }
        ],
        "line": 35
      },
      "4": {
        "loc": { "start": { "line": 41, "column": 2 }, "end": { "line": 45, "column": 3 } },
        "type": "if",
        "locations": [
          { "start": { "line": 41, "column": 2 }, "end": { "line": 45, "column": 3 } },
          { "start": {}, "end": {} }
        ],
        "line": 41
      },
      "5": {
        "loc": { "start": { "line": 57, "column": 2 }, "end": { "line": 57, "column": 64 } },
        "type": "binary-expr",
        "locations": [
          { "start": { "line": 57, "column": 2 }, "end": { "line": 57, "column": 18 } },
          { "start": { "line": 57, "column": 22 }, "end": { "line": 57, "column": 64 } }
        ],
        "line": 57
      },
      "6": {
        "loc": { "start": { "line": 58, "column": 2 }, "end": { "line": 58, "column": 58 } },
        "type": "binary-expr",
        "locations": [
          { "start": { "line": 58, "column": 2 }, "end": { "line": 58, "column": 15 } },
          { "start": { "line": 58, "column": 19 }, "end": { "line": 58, "column": 58 } }
        ],
        "line": 58
      }
    },
    "s": {
      "0": 2,
      "1": 2,
      "2": 2,
      "3": 2,
      "4": 2,
      "5": 0,
      "6": 0,
      "7": 0,
      "8": 0,
      "9": 0,
      "10": 0,
      "11": 0,
      "12": 0,
      "13": 0,
      "14": 2,
      "15": 0,
      "16": 0,
      "17": 0,
      "18": 0,
      "19": 0,
      "20": 2
    },
    "f": { "0": 0, "1": 0 },
    "b": {
      "0": [0, 0],
      "1": [0, 0],
      "2": [0, 0],
      "3": [0, 0],
      "4": [0, 0],
      "5": [0, 0],
      "6": [0, 0]
    },
    "_coverageSchema": "1a1c01bbd47fc00a2c39e90264f33305004495a9",
    "hash": "8e5673692ffadc70e551fc37eb80e5341e036201"
  },
  "/Users/eddyzhou/Desktop/javascript_exercise/express/PawsReunite-Backend/src/middleware/image_upload_aws.js": {
    "path": "/Users/eddyzhou/Desktop/javascript_exercise/express/PawsReunite-Backend/src/middleware/image_upload_aws.js",
    "statementMap": {
      "0": { "start": { "line": 2, "column": 15 }, "end": { "line": 2, "column": 32 } },
      "1": { "start": { "line": 5, "column": 39 }, "end": { "line": 5, "column": 68 } },
      "2": { "start": { "line": 8, "column": 23 }, "end": { "line": 8, "column": 38 } },
      "3": { "start": { "line": 11, "column": 15 }, "end": { "line": 11, "column": 32 } },
      "4": { "start": { "line": 12, "column": 0 }, "end": { "line": 12, "column": 16 } },
      "5": { "start": { "line": 15, "column": 16 }, "end": { "line": 19, "column": 2 } },
      "6": { "start": { "line": 17, "column": 4 }, "end": { "line": 17, "column": 23 } },
      "7": { "start": { "line": 22, "column": 19 }, "end": { "line": 28, "column": 1 } },
      "8": { "start": { "line": 23, "column": 2 }, "end": { "line": 27, "column": 3 } },
      "9": { "start": { "line": 24, "column": 4 }, "end": { "line": 24, "column": 25 } },
      "10": { "start": { "line": 26, "column": 4 }, "end": { "line": 26, "column": 83 } },
      "11": { "start": { "line": 31, "column": 15 }, "end": { "line": 34, "column": 2 } },
      "12": { "start": { "line": 37, "column": 17 }, "end": { "line": 43, "column": 2 } },
      "13": { "start": { "line": 47, "column": 24 }, "end": { "line": 78, "column": 1 } },
      "14": { "start": { "line": 48, "column": 2 }, "end": { "line": 77, "column": 3 } },
      "15": { "start": { "line": 51, "column": 27 }, "end": { "line": 64, "column": 6 } },
      "16": { "start": { "line": 52, "column": 21 }, "end": { "line": 56, "column": 7 } },
      "17": { "start": { "line": 59, "column": 22 }, "end": { "line": 59, "column": 50 } },
      "18": { "start": { "line": 62, "column": 19 }, "end": { "line": 62, "column": 47 } },
      "19": { "start": { "line": 63, "column": 6 }, "end": { "line": 63, "column": 24 } },
      "20": { "start": { "line": 67, "column": 20 }, "end": { "line": 67, "column": 53 } },
      "21": { "start": { "line": 70, "column": 17 }, "end": { "line": 73, "column": 6 } },
      "22": { "start": { "line": 71, "column": 24 }, "end": { "line": 71, "column": 82 } },
      "23": { "start": { "line": 72, "column": 6 }, "end": { "line": 72, "column": 29 } },
      "24": { "start": { "line": 74, "column": 4 }, "end": { "line": 74, "column": 16 } },
      "25": { "start": { "line": 76, "column": 4 }, "end": { "line": 76, "column": 27 } },
      "26": { "start": { "line": 80, "column": 0 }, "end": { "line": 83, "column": 2 } }
    },
    "fnMap": {
      "0": {
        "name": "(anonymous_0)",
        "decl": { "start": { "line": 16, "column": 15 }, "end": { "line": 16, "column": 16 } },
        "loc": { "start": { "line": 16, "column": 50 }, "end": { "line": 18, "column": 3 } },
        "line": 16
      },
      "1": {
        "name": "(anonymous_1)",
        "decl": { "start": { "line": 22, "column": 19 }, "end": { "line": 22, "column": 20 } },
        "loc": { "start": { "line": 22, "column": 48 }, "end": { "line": 28, "column": 1 } },
        "line": 22
      },
      "2": {
        "name": "(anonymous_2)",
        "decl": { "start": { "line": 47, "column": 24 }, "end": { "line": 47, "column": 25 } },
        "loc": { "start": { "line": 47, "column": 41 }, "end": { "line": 78, "column": 1 } },
        "line": 47
      },
      "3": {
        "name": "(anonymous_3)",
        "decl": { "start": { "line": 51, "column": 37 }, "end": { "line": 51, "column": 38 } },
        "loc": { "start": { "line": 51, "column": 53 }, "end": { "line": 64, "column": 5 } },
        "line": 51
      },
      "4": {
        "name": "(anonymous_4)",
        "decl": { "start": { "line": 70, "column": 29 }, "end": { "line": 70, "column": 30 } },
        "loc": { "start": { "line": 70, "column": 38 }, "end": { "line": 73, "column": 5 } },
        "line": 70
      }
    },
    "branchMap": {
      "0": {
        "loc": { "start": { "line": 23, "column": 2 }, "end": { "line": 27, "column": 3 } },
        "type": "if",
        "locations": [
          { "start": { "line": 23, "column": 2 }, "end": { "line": 27, "column": 3 } },
          { "start": { "line": 25, "column": 9 }, "end": { "line": 27, "column": 3 } }
        ],
        "line": 23
      },
      "1": {
        "loc": { "start": { "line": 23, "column": 6 }, "end": { "line": 23, "column": 69 } },
        "type": "binary-expr",
        "locations": [
          { "start": { "line": 23, "column": 6 }, "end": { "line": 23, "column": 36 } },
          { "start": { "line": 23, "column": 40 }, "end": { "line": 23, "column": 69 } }
        ],
        "line": 23
      }
    },
    "s": {
      "0": 2,
      "1": 2,
      "2": 2,
      "3": 2,
      "4": 2,
      "5": 2,
      "6": 0,
      "7": 2,
      "8": 0,
      "9": 0,
      "10": 0,
      "11": 2,
      "12": 2,
      "13": 2,
      "14": 0,
      "15": 0,
      "16": 0,
      "17": 0,
      "18": 0,
      "19": 0,
      "20": 0,
      "21": 0,
      "22": 0,
      "23": 0,
      "24": 0,
      "25": 0,
      "26": 2
    },
    "f": { "0": 0, "1": 0, "2": 0, "3": 0, "4": 0 },
    "b": { "0": [0, 0], "1": [0, 0] },
    "_coverageSchema": "1a1c01bbd47fc00a2c39e90264f33305004495a9",
    "hash": "0c595562cc6838eab671bf60672f30f3f634e597"
  },
  "/Users/eddyzhou/Desktop/javascript_exercise/express/PawsReunite-Backend/src/models/CommentModel.js": {
    "path": "/Users/eddyzhou/Desktop/javascript_exercise/express/PawsReunite-Backend/src/models/CommentModel.js",
    "statementMap": {
      "0": { "start": { "line": 2, "column": 17 }, "end": { "line": 2, "column": 36 } },
      "1": { "start": { "line": 5, "column": 22 }, "end": { "line": 10, "column": 2 } },
      "2": { "start": { "line": 13, "column": 16 }, "end": { "line": 13, "column": 56 } },
      "3": { "start": { "line": 15, "column": 0 }, "end": { "line": 15, "column": 29 } }
    },
    "fnMap": {},
    "branchMap": {},
    "s": { "0": 2, "1": 2, "2": 2, "3": 2 },
    "f": {},
    "b": {},
    "_coverageSchema": "1a1c01bbd47fc00a2c39e90264f33305004495a9",
    "hash": "d9f0bd5e4ae3352738208d77958e30244a43b542"
  },
  "/Users/eddyzhou/Desktop/javascript_exercise/express/PawsReunite-Backend/src/models/PostModel.js": {
    "path": "/Users/eddyzhou/Desktop/javascript_exercise/express/PawsReunite-Backend/src/models/PostModel.js",
    "statementMap": {
      "0": { "start": { "line": 2, "column": 17 }, "end": { "line": 2, "column": 36 } },
      "1": { "start": { "line": 5, "column": 19 }, "end": { "line": 17, "column": 2 } },
      "2": { "start": { "line": 20, "column": 13 }, "end": { "line": 20, "column": 47 } },
      "3": { "start": { "line": 22, "column": 0 }, "end": { "line": 22, "column": 26 } }
    },
    "fnMap": {},
    "branchMap": {},
    "s": { "0": 2, "1": 2, "2": 2, "3": 2 },
    "f": {},
    "b": {},
    "_coverageSchema": "1a1c01bbd47fc00a2c39e90264f33305004495a9",
    "hash": "ec95e12426d0454d3c3bbc38956d6d0b37e43466"
  },
  "/Users/eddyzhou/Desktop/javascript_exercise/express/PawsReunite-Backend/src/models/RoleModel.js": {
    "path": "/Users/eddyzhou/Desktop/javascript_exercise/express/PawsReunite-Backend/src/models/RoleModel.js",
    "statementMap": {
      "0": { "start": { "line": 2, "column": 17 }, "end": { "line": 2, "column": 36 } },
      "1": { "start": { "line": 5, "column": 19 }, "end": { "line": 8, "column": 2 } },
      "2": { "start": { "line": 11, "column": 13 }, "end": { "line": 11, "column": 47 } },
      "3": { "start": { "line": 13, "column": 0 }, "end": { "line": 13, "column": 26 } }
    },
    "fnMap": {},
    "branchMap": {},
    "s": { "0": 2, "1": 2, "2": 2, "3": 2 },
    "f": {},
    "b": {},
    "_coverageSchema": "1a1c01bbd47fc00a2c39e90264f33305004495a9",
    "hash": "758c00d0ca97d29d9715fabab636df9e0202eedf"
  },
  "/Users/eddyzhou/Desktop/javascript_exercise/express/PawsReunite-Backend/src/models/UserModel.js": {
    "path": "/Users/eddyzhou/Desktop/javascript_exercise/express/PawsReunite-Backend/src/models/UserModel.js",
    "statementMap": {
      "0": { "start": { "line": 2, "column": 17 }, "end": { "line": 2, "column": 36 } },
      "1": { "start": { "line": 3, "column": 17 }, "end": { "line": 3, "column": 39 } },
      "2": { "start": { "line": 6, "column": 19 }, "end": { "line": 12, "column": 2 } },
      "3": { "start": { "line": 15, "column": 0 }, "end": { "line": 21, "column": 3 } },
      "4": { "start": { "line": 16, "column": 15 }, "end": { "line": 16, "column": 54 } },
      "5": { "start": { "line": 17, "column": 2 }, "end": { "line": 19, "column": 3 } },
      "6": { "start": { "line": 18, "column": 4 }, "end": { "line": 18, "column": 27 } },
      "7": { "start": { "line": 20, "column": 2 }, "end": { "line": 20, "column": 9 } },
      "8": { "start": { "line": 24, "column": 13 }, "end": { "line": 24, "column": 47 } },
      "9": { "start": { "line": 26, "column": 0 }, "end": { "line": 26, "column": 26 } }
    },
    "fnMap": {
      "0": {
        "name": "(anonymous_0)",
        "decl": { "start": { "line": 15, "column": 23 }, "end": { "line": 15, "column": 24 } },
        "loc": { "start": { "line": 15, "column": 45 }, "end": { "line": 21, "column": 1 } },
        "line": 15
      }
    },
    "branchMap": {
      "0": {
        "loc": { "start": { "line": 17, "column": 2 }, "end": { "line": 19, "column": 3 } },
        "type": "if",
        "locations": [
          { "start": { "line": 17, "column": 2 }, "end": { "line": 19, "column": 3 } },
          { "start": {}, "end": {} }
        ],
        "line": 17
      }
    },
    "s": { "0": 2, "1": 2, "2": 2, "3": 2, "4": 0, "5": 0, "6": 0, "7": 0, "8": 2, "9": 2 },
    "f": { "0": 0 },
    "b": { "0": [0, 0] },
    "_coverageSchema": "1a1c01bbd47fc00a2c39e90264f33305004495a9",
    "hash": "b0ef79da143c7874ddcf43dbbc58718e9d602a50"
  },
  "/Users/eddyzhou/Desktop/javascript_exercise/express/PawsReunite-Backend/src/routes/CommentRoute.js": {
    "path": "/Users/eddyzhou/Desktop/javascript_exercise/express/PawsReunite-Backend/src/routes/CommentRoute.js",
    "statementMap": {
      "0": { "start": { "line": 1, "column": 16 }, "end": { "line": 1, "column": 34 } },
      "1": { "start": { "line": 2, "column": 15 }, "end": { "line": 2, "column": 31 } },
      "2": { "start": { "line": 9, "column": 4 }, "end": { "line": 9, "column": 47 } },
      "3": { "start": { "line": 10, "column": 49 }, "end": { "line": 10, "column": 88 } },
      "4": { "start": { "line": 11, "column": 23 }, "end": { "line": 11, "column": 63 } },
      "5": { "start": { "line": 13, "column": 0 }, "end": { "line": 13, "column": 32 } },
      "6": { "start": { "line": 15, "column": 0 }, "end": { "line": 15, "column": 46 } },
      "7": { "start": { "line": 17, "column": 0 }, "end": { "line": 17, "column": 72 } },
      "8": { "start": { "line": 19, "column": 0 }, "end": { "line": 19, "column": 77 } },
      "9": { "start": { "line": 21, "column": 0 }, "end": { "line": 21, "column": 24 } }
    },
    "fnMap": {},
    "branchMap": {},
    "s": { "0": 2, "1": 2, "2": 2, "3": 2, "4": 2, "5": 2, "6": 2, "7": 2, "8": 2, "9": 2 },
    "f": {},
    "b": {},
    "_coverageSchema": "1a1c01bbd47fc00a2c39e90264f33305004495a9",
    "hash": "3c7d8945cf78caaeb44e72b868c89f22e4f537df"
  },
  "/Users/eddyzhou/Desktop/javascript_exercise/express/PawsReunite-Backend/src/routes/PostRoute.js": {
    "path": "/Users/eddyzhou/Desktop/javascript_exercise/express/PawsReunite-Backend/src/routes/PostRoute.js",
    "statementMap": {
      "0": { "start": { "line": 1, "column": 16 }, "end": { "line": 1, "column": 34 } },
      "1": { "start": { "line": 2, "column": 15 }, "end": { "line": 2, "column": 31 } },
      "2": { "start": { "line": 10, "column": 4 }, "end": { "line": 10, "column": 44 } },
      "3": { "start": { "line": 12, "column": 19 }, "end": { "line": 12, "column": 60 } },
      "4": { "start": { "line": 13, "column": 49 }, "end": { "line": 13, "column": 88 } },
      "5": { "start": { "line": 14, "column": 23 }, "end": { "line": 14, "column": 63 } },
      "6": { "start": { "line": 15, "column": 32 }, "end": { "line": 15, "column": 71 } },
      "7": { "start": { "line": 17, "column": 0 }, "end": { "line": 17, "column": 29 } },
      "8": { "start": { "line": 19, "column": 0 }, "end": { "line": 19, "column": 75 } },
      "9": { "start": { "line": 21, "column": 0 }, "end": { "line": 21, "column": 35 } },
      "10": { "start": { "line": 23, "column": 0 }, "end": { "line": 30, "column": 2 } },
      "11": { "start": { "line": 32, "column": 0 }, "end": { "line": 32, "column": 71 } },
      "12": { "start": { "line": 34, "column": 0 }, "end": { "line": 34, "column": 89 } },
      "13": { "start": { "line": 36, "column": 0 }, "end": { "line": 36, "column": 24 } }
    },
    "fnMap": {},
    "branchMap": {},
    "s": {
      "0": 2,
      "1": 2,
      "2": 2,
      "3": 2,
      "4": 2,
      "5": 2,
      "6": 2,
      "7": 2,
      "8": 2,
      "9": 2,
      "10": 2,
      "11": 2,
      "12": 2,
      "13": 2
    },
    "f": {},
    "b": {},
    "_coverageSchema": "1a1c01bbd47fc00a2c39e90264f33305004495a9",
    "hash": "b723b2037d7532b70cead9b775168e4acd78bb9c"
  },
  "/Users/eddyzhou/Desktop/javascript_exercise/express/PawsReunite-Backend/src/routes/RoleRoute.js": {
    "path": "/Users/eddyzhou/Desktop/javascript_exercise/express/PawsReunite-Backend/src/routes/RoleRoute.js",
    "statementMap": {
      "0": { "start": { "line": 2, "column": 16 }, "end": { "line": 2, "column": 34 } },
      "1": { "start": { "line": 5, "column": 15 }, "end": { "line": 5, "column": 31 } },
      "2": { "start": { "line": 7, "column": 42 }, "end": { "line": 7, "column": 82 } },
      "3": { "start": { "line": 10, "column": 0 }, "end": { "line": 10, "column": 29 } },
      "4": { "start": { "line": 13, "column": 0 }, "end": { "line": 13, "column": 43 } },
      "5": { "start": { "line": 15, "column": 0 }, "end": { "line": 15, "column": 24 } }
    },
    "fnMap": {},
    "branchMap": {},
    "s": { "0": 2, "1": 2, "2": 2, "3": 2, "4": 2, "5": 2 },
    "f": {},
    "b": {},
    "_coverageSchema": "1a1c01bbd47fc00a2c39e90264f33305004495a9",
    "hash": "08f6dc19e3280500b91b6893b40164c723e8c5f7"
  },
  "/Users/eddyzhou/Desktop/javascript_exercise/express/PawsReunite-Backend/src/routes/UserRoute.js": {
    "path": "/Users/eddyzhou/Desktop/javascript_exercise/express/PawsReunite-Backend/src/routes/UserRoute.js",
    "statementMap": {
      "0": { "start": { "line": 2, "column": 16 }, "end": { "line": 2, "column": 34 } },
      "1": { "start": { "line": 10, "column": 4 }, "end": { "line": 10, "column": 44 } },
      "2": { "start": { "line": 14, "column": 4 }, "end": { "line": 14, "column": 43 } },
      "3": { "start": { "line": 15, "column": 49 }, "end": { "line": 15, "column": 88 } },
      "4": { "start": { "line": 16, "column": 23 }, "end": { "line": 16, "column": 63 } },
      "5": { "start": { "line": 19, "column": 20 }, "end": { "line": 19, "column": 36 } },
      "6": { "start": { "line": 22, "column": 0 }, "end": { "line": 28, "column": 2 } },
      "7": { "start": { "line": 31, "column": 0 }, "end": { "line": 31, "column": 36 } },
      "8": { "start": { "line": 35, "column": 0 }, "end": { "line": 35, "column": 87 } },
      "9": { "start": { "line": 38, "column": 0 }, "end": { "line": 38, "column": 80 } },
      "10": { "start": { "line": 41, "column": 0 }, "end": { "line": 41, "column": 98 } },
      "11": { "start": { "line": 44, "column": 0 }, "end": { "line": 44, "column": 93 } },
      "12": { "start": { "line": 46, "column": 0 }, "end": { "line": 46, "column": 29 } }
    },
    "fnMap": {},
    "branchMap": {},
    "s": {
      "0": 2,
      "1": 2,
      "2": 2,
      "3": 2,
      "4": 2,
      "5": 2,
      "6": 2,
      "7": 2,
      "8": 2,
      "9": 2,
      "10": 2,
      "11": 2,
      "12": 2
    },
    "f": {},
    "b": {},
    "_coverageSchema": "1a1c01bbd47fc00a2c39e90264f33305004495a9",
    "hash": "eb85a6e5845bd1335d996e125e8f482909ca2fcc"
  },
  "/Users/eddyzhou/Desktop/javascript_exercise/express/PawsReunite-Backend/src/services/auth_services.js": {
    "path": "/Users/eddyzhou/Desktop/javascript_exercise/express/PawsReunite-Backend/src/services/auth_services.js",
    "statementMap": {
      "0": { "start": { "line": 1, "column": 17 }, "end": { "line": 1, "column": 47 } },
      "1": { "start": { "line": 2, "column": 12 }, "end": { "line": 2, "column": 35 } },
      "2": { "start": { "line": 3, "column": 15 }, "end": { "line": 3, "column": 32 } },
      "3": { "start": { "line": 4, "column": 19 }, "end": { "line": 4, "column": 21 } },
      "4": { "start": { "line": 5, "column": 15 }, "end": { "line": 5, "column": 32 } },
      "5": { "start": { "line": 8, "column": 21 }, "end": { "line": 14, "column": 1 } },
      "6": { "start": { "line": 10, "column": 18 }, "end": { "line": 10, "column": 50 } },
      "7": { "start": { "line": 12, "column": 23 }, "end": { "line": 12, "column": 61 } },
      "8": { "start": { "line": 13, "column": 2 }, "end": { "line": 13, "column": 24 } },
      "9": { "start": { "line": 17, "column": 2 }, "end": { "line": 17, "column": 70 } },
      "10": { "start": { "line": 22, "column": 19 }, "end": { "line": 22, "column": 32 } },
      "11": { "start": { "line": 23, "column": 20 }, "end": { "line": 23, "column": 77 } },
      "12": { "start": { "line": 24, "column": 12 }, "end": { "line": 24, "column": 69 } },
      "13": { "start": { "line": 25, "column": 13 }, "end": { "line": 25, "column": 70 } },
      "14": { "start": { "line": 26, "column": 15 }, "end": { "line": 26, "column": 74 } },
      "15": { "start": { "line": 30, "column": 2 }, "end": { "line": 30, "column": 69 } },
      "16": { "start": { "line": 31, "column": 2 }, "end": { "line": 31, "column": 66 } },
      "17": { "start": { "line": 36, "column": 2 }, "end": { "line": 36, "column": 73 } },
      "18": { "start": { "line": 37, "column": 2 }, "end": { "line": 37, "column": 71 } },
      "19": { "start": { "line": 43, "column": 2 }, "end": { "line": 43, "column": 41 } },
      "20": { "start": { "line": 49, "column": 2 }, "end": { "line": 49, "column": 75 } },
      "21": { "start": { "line": 54, "column": 26 }, "end": { "line": 54, "column": 68 } },
      "22": { "start": { "line": 56, "column": 2 }, "end": { "line": 56, "column": 50 } },
      "23": { "start": { "line": 61, "column": 24 }, "end": { "line": 61, "column": 87 } },
      "24": { "start": { "line": 64, "column": 28 }, "end": { "line": 64, "column": 71 } },
      "25": { "start": { "line": 65, "column": 17 }, "end": { "line": 65, "column": 48 } },
      "26": { "start": { "line": 68, "column": 19 }, "end": { "line": 68, "column": 62 } },
      "27": { "start": { "line": 71, "column": 2 }, "end": { "line": 78, "column": 3 } },
      "28": { "start": { "line": 72, "column": 17 }, "end": { "line": 72, "column": 68 } },
      "29": { "start": { "line": 73, "column": 4 }, "end": { "line": 73, "column": 34 } },
      "30": { "start": { "line": 77, "column": 4 }, "end": { "line": 77, "column": 56 } },
      "31": { "start": { "line": 81, "column": 0 }, "end": { "line": 90, "column": 2 } }
    },
    "fnMap": {
      "0": {
        "name": "(anonymous_0)",
        "decl": { "start": { "line": 8, "column": 21 }, "end": { "line": 8, "column": 22 } },
        "loc": { "start": { "line": 8, "column": 41 }, "end": { "line": 14, "column": 1 } },
        "line": 8
      },
      "1": {
        "name": "validateHashedData",
        "decl": { "start": { "line": 16, "column": 15 }, "end": { "line": 16, "column": 33 } },
        "loc": { "start": { "line": 16, "column": 74 }, "end": { "line": 18, "column": 1 } },
        "line": 16
      },
      "2": {
        "name": "encryptString",
        "decl": { "start": { "line": 29, "column": 9 }, "end": { "line": 29, "column": 22 } },
        "loc": { "start": { "line": 29, "column": 29 }, "end": { "line": 32, "column": 1 } },
        "line": 29
      },
      "3": {
        "name": "decryptString",
        "decl": { "start": { "line": 35, "column": 9 }, "end": { "line": 35, "column": 22 } },
        "loc": { "start": { "line": 35, "column": 29 }, "end": { "line": 38, "column": 1 } },
        "line": 35
      },
      "4": {
        "name": "decryptObject",
        "decl": { "start": { "line": 42, "column": 9 }, "end": { "line": 42, "column": 22 } },
        "loc": { "start": { "line": 42, "column": 29 }, "end": { "line": 44, "column": 1 } },
        "line": 42
      },
      "5": {
        "name": "generateJWT",
        "decl": { "start": { "line": 48, "column": 9 }, "end": { "line": 48, "column": 20 } },
        "loc": { "start": { "line": 48, "column": 33 }, "end": { "line": 50, "column": 1 } },
        "line": 48
      },
      "6": {
        "name": "generateUserJWT",
        "decl": { "start": { "line": 52, "column": 15 }, "end": { "line": 52, "column": 30 } },
        "loc": { "start": { "line": 52, "column": 44 }, "end": { "line": 57, "column": 1 } },
        "line": 52
      },
      "7": {
        "name": "verifyUserJWT",
        "decl": { "start": { "line": 59, "column": 15 }, "end": { "line": 59, "column": 28 } },
        "loc": { "start": { "line": 59, "column": 38 }, "end": { "line": 79, "column": 1 } },
        "line": 59
      }
    },
    "branchMap": {
      "0": {
        "loc": { "start": { "line": 71, "column": 2 }, "end": { "line": 78, "column": 3 } },
        "type": "if",
        "locations": [
          { "start": { "line": 71, "column": 2 }, "end": { "line": 78, "column": 3 } },
          { "start": { "line": 74, "column": 9 }, "end": { "line": 78, "column": 3 } }
        ],
        "line": 71
      }
    },
    "s": {
      "0": 2,
      "1": 2,
      "2": 2,
      "3": 2,
      "4": 2,
      "5": 2,
      "6": 0,
      "7": 0,
      "8": 0,
      "9": 0,
      "10": 2,
      "11": 2,
      "12": 2,
      "13": 2,
      "14": 2,
      "15": 0,
      "16": 0,
      "17": 0,
      "18": 0,
      "19": 0,
      "20": 0,
      "21": 0,
      "22": 0,
      "23": 0,
      "24": 0,
      "25": 0,
      "26": 0,
      "27": 0,
      "28": 0,
      "29": 0,
      "30": 0,
      "31": 2
    },
    "f": { "0": 0, "1": 0, "2": 0, "3": 0, "4": 0, "5": 0, "6": 0, "7": 0 },
    "b": { "0": [0, 0] },
    "_coverageSchema": "1a1c01bbd47fc00a2c39e90264f33305004495a9",
    "hash": "775bc3dca318ae48fb597fbab24d90384e0a9cfc"
  }
}
