TN:
SF:src/database.js
FN:3,(anonymous_0)
FN:8,(anonymous_1)
FNF:2
FNH:1
FNDA:2,(anonymous_0)
FNDA:0,(anonymous_1)
DA:1,2
DA:3,2
DA:4,2
DA:5,2
DA:8,2
DA:9,0
DA:10,0
DA:13,2
LF:8
LH:6
BRF:0
BRH:0
end_of_record
TN:
SF:src/server.js
FN:66,(anonymous_0)
FN:69,(anonymous_1)
FN:77,(anonymous_2)
FN:82,(anonymous_3)
FN:88,(anonymous_4)
FN:117,(anonymous_5)
FNF:6
FNH:5
FNDA:2,(anonymous_0)
FNDA:0,(anonymous_1)
FNDA:9,(anonymous_2)
FNDA:1,(anonymous_3)
FNDA:1,(anonymous_4)
FNDA:1,(anonymous_5)
DA:2,2
DA:4,2
DA:7,2
DA:9,2
DA:11,2
DA:12,2
DA:14,2
DA:15,2
DA:18,2
DA:19,2
DA:20,2
DA:21,2
DA:22,2
DA:35,2
DA:36,2
DA:40,2
DA:42,2
DA:43,2
DA:45,2
DA:46,2
DA:47,2
DA:50,0
DA:51,0
DA:54,0
DA:55,0
DA:57,2
DA:58,2
DA:60,0
DA:61,0
DA:64,2
DA:65,2
DA:67,2
DA:70,0
DA:77,2
DA:78,9
DA:79,9
DA:82,2
DA:83,1
DA:88,2
DA:89,1
DA:90,1
DA:91,1
DA:92,1
DA:94,1
DA:105,2
DA:106,2
DA:108,2
DA:109,2
DA:111,2
DA:112,2
DA:114,2
DA:115,2
DA:117,2
DA:118,1
DA:123,2
LF:55
LH:48
BRDA:14,0,0,2
BRDA:14,0,1,0
BRDA:15,1,0,2
BRDA:15,1,1,0
BRDA:47,2,0,0
BRDA:47,2,1,0
BRDA:47,2,2,0
BRDA:47,2,3,0
BRDA:47,2,4,2
BRDA:47,2,5,0
BRF:10
BRH:3
end_of_record
TN:
SF:src/controllers/CommentController.js
FN:3,(anonymous_0)
FN:22,(anonymous_1)
FN:38,(anonymous_2)
FN:56,(anonymous_3)
FNF:4
FNH:0
FNDA:0,(anonymous_0)
FNDA:0,(anonymous_1)
FNDA:0,(anonymous_2)
FNDA:0,(anonymous_3)
DA:1,2
DA:3,2
DA:4,0
DA:5,0
DA:7,0
DA:8,0
DA:10,0
DA:12,0
DA:16,0
DA:22,2
DA:23,0
DA:24,0
DA:25,0
DA:26,0
DA:28,0
DA:32,0
DA:38,2
DA:39,0
DA:40,0
DA:45,0
DA:46,0
DA:50,0
DA:56,2
DA:57,0
DA:58,0
DA:59,0
DA:60,0
DA:62,0
DA:66,0
DA:68,0
DA:69,0
DA:73,0
DA:79,2
LF:33
LH:6
BRDA:7,0,0,0
BRDA:7,0,1,0
BRDA:25,1,0,0
BRDA:25,1,1,0
BRDA:59,2,0,0
BRDA:59,2,1,0
BRDA:62,3,0,0
BRDA:62,3,1,0
BRDA:63,4,0,0
BRDA:63,4,1,0
BRF:10
BRH:0
end_of_record
TN:
SF:src/controllers/PostController.js
FN:3,(anonymous_0)
FN:30,(anonymous_1)
FN:45,(anonymous_2)
FN:73,(anonymous_3)
FN:95,(anonymous_4)
FN:130,(anonymous_5)
FNF:6
FNH:1
FNDA:6,(anonymous_0)
FNDA:0,(anonymous_1)
FNDA:0,(anonymous_2)
FNDA:0,(anonymous_3)
FNDA:0,(anonymous_4)
FNDA:0,(anonymous_5)
DA:1,2
DA:3,2
DA:4,6
DA:6,6
DA:7,2
DA:8,2
DA:9,2
DA:10,1
DA:11,1
DA:12,1
DA:14,4
DA:15,2
DA:16,2
DA:18,2
DA:20,5
DA:24,1
DA:30,2
DA:31,0
DA:32,0
DA:33,0
DA:37,0
DA:43,2
DA:45,2
DA:46,0
DA:47,0
DA:48,0
DA:49,0
DA:62,0
DA:63,0
DA:67,0
DA:73,2
DA:74,0
DA:75,0
DA:80,0
DA:81,0
DA:82,0
DA:86,0
DA:89,0
DA:95,2
DA:96,0
DA:97,0
DA:98,0
DA:99,0
DA:101,0
DA:102,0
DA:104,0
DA:115,0
DA:118,0
DA:123,0
DA:130,2
DA:131,0
DA:132,0
DA:133,0
DA:137,0
DA:143,2
LF:55
LH:23
BRDA:6,0,0,2
BRDA:6,0,1,4
BRDA:9,1,0,1
BRDA:9,1,1,1
BRDA:14,2,0,2
BRDA:14,2,1,2
BRDA:24,3,0,1
BRDA:24,3,1,0
BRDA:80,4,0,0
BRDA:80,4,1,0
BRDA:80,5,0,0
BRDA:80,5,1,0
BRDA:98,6,0,0
BRDA:98,6,1,0
BRDA:101,7,0,0
BRDA:101,7,1,0
BRDA:105,8,0,0
BRDA:105,8,1,0
BRDA:106,9,0,0
BRDA:106,9,1,0
BRDA:107,10,0,0
BRDA:107,10,1,0
BRDA:108,11,0,0
BRDA:108,11,1,0
BRDA:109,12,0,0
BRDA:109,12,1,0
BRDA:110,13,0,0
BRDA:110,13,1,0
BRDA:111,14,0,0
BRDA:111,14,1,0
BRF:30
BRH:7
end_of_record
TN:
SF:src/controllers/RoleController.js
FN:5,(anonymous_0)
FN:19,(anonymous_1)
FNF:2
FNH:0
FNDA:0,(anonymous_0)
FNDA:0,(anonymous_1)
DA:1,2
DA:2,2
DA:5,2
DA:6,0
DA:7,0
DA:8,0
DA:12,0
DA:19,2
DA:20,0
DA:21,0
DA:22,0
DA:23,0
DA:27,0
DA:33,2
LF:14
LH:5
BRF:0
BRH:0
end_of_record
TN:
SF:src/controllers/UserController.js
FN:7,(anonymous_0)
FN:33,(anonymous_1)
FN:60,(anonymous_2)
FN:112,(anonymous_3)
FN:122,(anonymous_4)
FN:140,(anonymous_5)
FNF:6
FNH:0
FNDA:0,(anonymous_0)
FNDA:0,(anonymous_1)
FNDA:0,(anonymous_2)
FNDA:0,(anonymous_3)
FNDA:0,(anonymous_4)
FNDA:0,(anonymous_5)
DA:1,2
DA:2,2
DA:3,2
DA:4,2
DA:7,2
DA:8,0
DA:10,0
DA:13,0
DA:18,0
DA:21,0
DA:26,0
DA:28,0
DA:33,2
DA:34,0
DA:36,0
DA:37,0
DA:38,0
DA:42,0
DA:44,0
DA:45,0
DA:47,0
DA:52,0
DA:55,0
DA:60,2
DA:61,0
DA:62,0
DA:65,0
DA:66,0
DA:68,0
DA:69,0
DA:73,0
DA:74,0
DA:75,0
DA:77,0
DA:78,0
DA:83,0
DA:84,0
DA:88,0
DA:95,0
DA:96,0
DA:102,0
DA:108,0
DA:112,2
DA:113,0
DA:114,0
DA:115,0
DA:117,0
DA:122,2
DA:123,0
DA:124,0
DA:126,0
DA:127,0
DA:130,0
DA:131,0
DA:134,0
DA:136,0
DA:140,2
DA:141,0
DA:142,0
DA:146,0
DA:147,0
DA:148,0
DA:149,0
DA:151,0
DA:154,0
DA:158,2
LF:66
LH:11
BRDA:37,0,0,0
BRDA:37,0,1,0
BRDA:42,1,0,0
BRDA:42,1,1,0
BRDA:44,2,0,0
BRDA:44,2,1,0
BRDA:65,3,0,0
BRDA:65,3,1,0
BRDA:68,4,0,0
BRDA:68,4,1,0
BRDA:73,5,0,0
BRDA:73,5,1,0
BRDA:73,6,0,0
BRDA:73,6,1,0
BRDA:77,7,0,0
BRDA:77,7,1,0
BRDA:77,8,0,0
BRDA:77,8,1,0
BRDA:83,9,0,0
BRDA:83,9,1,0
BRDA:89,10,0,0
BRDA:89,10,1,0
BRDA:90,11,0,0
BRDA:90,11,1,0
BRDA:91,12,0,0
BRDA:91,12,1,0
BRDA:130,13,0,0
BRDA:130,13,1,0
BRDA:146,14,0,0
BRDA:146,14,1,0
BRDA:148,15,0,0
BRDA:148,15,1,0
BRF:32
BRH:0
end_of_record
TN:
SF:src/middleware/AuthMiddleware.js
FN:8,(anonymous_0)
FN:32,(anonymous_1)
FNF:2
FNH:0
FNDA:0,(anonymous_0)
FNDA:0,(anonymous_1)
DA:1,2
DA:2,2
DA:3,2
DA:4,2
DA:8,2
DA:9,0
DA:11,0
DA:12,0
DA:13,0
DA:16,0
DA:17,0
DA:18,0
DA:21,0
DA:22,0
DA:23,0
DA:24,0
DA:25,0
DA:27,0
DA:28,0
DA:32,2
DA:33,0
DA:34,0
DA:36,0
DA:37,0
DA:41,2
LF:25
LH:7
BRDA:12,0,0,0
BRDA:12,0,1,0
BRDA:33,1,0,0
BRDA:33,1,1,0
BRF:4
BRH:0
end_of_record
TN:
SF:src/middleware/ErrorMiddleware.js
FN:1,(anonymous_0)
FNF:1
FNH:0
FNDA:0,(anonymous_0)
DA:1,2
DA:2,0
DA:3,0
DA:5,0
DA:9,2
LF:5
LH:2
BRDA:2,0,0,0
BRDA:2,0,1,0
BRF:2
BRH:0
end_of_record
TN:
SF:src/middleware/PostMiddleware.js
FN:6,(anonymous_0)
FNF:1
FNH:0
FNDA:0,(anonymous_0)
DA:1,2
DA:4,2
DA:7,0
DA:8,0
DA:9,0
DA:10,0
DA:13,0
DA:17,2
LF:8
LH:3
BRDA:8,0,0,0
BRDA:8,0,1,0
BRF:2
BRH:0
end_of_record
TN:
SF:src/middleware/UserMiddleware.js
FN:29,(anonymous_0)
FN:51,(anonymous_1)
FNF:2
FNH:0
FNDA:0,(anonymous_0)
FNDA:0,(anonymous_1)
DA:1,2
DA:2,2
DA:5,2
DA:12,2
DA:29,2
DA:31,0
DA:32,0
DA:35,0
DA:36,0
DA:40,0
DA:41,0
DA:42,0
DA:43,0
DA:47,0
DA:51,2
DA:53,0
DA:54,0
DA:57,0
DA:58,0
DA:60,0
DA:63,2
LF:21
LH:7
BRDA:31,0,0,0
BRDA:31,0,1,0
BRDA:31,1,0,0
BRDA:31,1,1,0
BRDA:35,2,0,0
BRDA:35,2,1,0
BRDA:35,3,0,0
BRDA:35,3,1,0
BRDA:41,4,0,0
BRDA:41,4,1,0
BRDA:57,5,0,0
BRDA:57,5,1,0
BRDA:58,6,0,0
BRDA:58,6,1,0
BRF:14
BRH:0
end_of_record
TN:
SF:src/middleware/image_upload_aws.js
FN:16,(anonymous_0)
FN:22,(anonymous_1)
FN:47,(anonymous_2)
FN:51,(anonymous_3)
FN:70,(anonymous_4)
FNF:5
FNH:0
FNDA:0,(anonymous_0)
FNDA:0,(anonymous_1)
FNDA:0,(anonymous_2)
FNDA:0,(anonymous_3)
FNDA:0,(anonymous_4)
DA:2,2
DA:5,2
DA:8,2
DA:11,2
DA:12,2
DA:15,2
DA:17,0
DA:22,2
DA:23,0
DA:24,0
DA:26,0
DA:31,2
DA:37,2
DA:47,2
DA:48,0
DA:51,0
DA:52,0
DA:59,0
DA:62,0
DA:63,0
DA:67,0
DA:70,0
DA:71,0
DA:72,0
DA:74,0
DA:76,0
DA:80,2
LF:27
LH:11
BRDA:23,0,0,0
BRDA:23,0,1,0
BRDA:23,1,0,0
BRDA:23,1,1,0
BRF:4
BRH:0
end_of_record
TN:
SF:src/models/CommentModel.js
FNF:0
FNH:0
DA:2,2
DA:5,2
DA:13,2
DA:15,2
LF:4
LH:4
BRF:0
BRH:0
end_of_record
TN:
SF:src/models/PostModel.js
FNF:0
FNH:0
DA:2,2
DA:5,2
DA:20,2
DA:22,2
LF:4
LH:4
BRF:0
BRH:0
end_of_record
TN:
SF:src/models/RoleModel.js
FNF:0
FNH:0
DA:2,2
DA:5,2
DA:11,2
DA:13,2
LF:4
LH:4
BRF:0
BRH:0
end_of_record
TN:
SF:src/models/UserModel.js
FN:15,(anonymous_0)
FNF:1
FNH:0
FNDA:0,(anonymous_0)
DA:2,2
DA:3,2
DA:6,2
DA:15,2
DA:16,0
DA:17,0
DA:18,0
DA:20,0
DA:24,2
DA:26,2
LF:10
LH:6
BRDA:17,0,0,0
BRDA:17,0,1,0
BRF:2
BRH:0
end_of_record
TN:
SF:src/routes/CommentRoute.js
FNF:0
FNH:0
DA:1,2
DA:2,2
DA:9,2
DA:10,2
DA:11,2
DA:13,2
DA:15,2
DA:17,2
DA:19,2
DA:21,2
LF:10
LH:10
BRF:0
BRH:0
end_of_record
TN:
SF:src/routes/PostRoute.js
FNF:0
FNH:0
DA:1,2
DA:2,2
DA:10,2
DA:12,2
DA:13,2
DA:14,2
DA:15,2
DA:17,2
DA:19,2
DA:21,2
DA:23,2
DA:32,2
DA:34,2
DA:36,2
LF:14
LH:14
BRF:0
BRH:0
end_of_record
TN:
SF:src/routes/RoleRoute.js
FNF:0
FNH:0
DA:2,2
DA:5,2
DA:7,2
DA:10,2
DA:13,2
DA:15,2
LF:6
LH:6
BRF:0
BRH:0
end_of_record
TN:
SF:src/routes/UserRoute.js
FNF:0
FNH:0
DA:2,2
DA:10,2
DA:14,2
DA:15,2
DA:16,2
DA:19,2
DA:22,2
DA:31,2
DA:35,2
DA:38,2
DA:41,2
DA:44,2
DA:46,2
LF:13
LH:13
BRF:0
BRH:0
end_of_record
TN:
SF:src/services/auth_services.js
FN:8,(anonymous_0)
FN:16,validateHashedData
FN:29,encryptString
FN:35,decryptString
FN:42,decryptObject
FN:48,generateJWT
FN:52,generateUserJWT
FN:59,verifyUserJWT
FNF:8
FNH:0
FNDA:0,(anonymous_0)
FNDA:0,validateHashedData
FNDA:0,encryptString
FNDA:0,decryptString
FNDA:0,decryptObject
FNDA:0,generateJWT
FNDA:0,generateUserJWT
FNDA:0,verifyUserJWT
DA:1,2
DA:2,2
DA:3,2
DA:4,2
DA:5,2
DA:8,2
DA:10,0
DA:12,0
DA:13,0
DA:17,0
DA:22,2
DA:23,2
DA:24,2
DA:25,2
DA:26,2
DA:30,0
DA:31,0
DA:36,0
DA:37,0
DA:43,0
DA:49,0
DA:54,0
DA:56,0
DA:61,0
DA:64,0
DA:65,0
DA:68,0
DA:71,0
DA:72,0
DA:73,0
DA:77,0
DA:81,2
LF:32
LH:12
BRDA:71,0,0,0
BRDA:71,0,1,0
BRF:2
BRH:0
end_of_record
